
*** Running vivado
    with args -log system_hw_conv_0_0.vds -m64 -product Vivado -mode batch -messageDb vivado.pb -notrace -source system_hw_conv_0_0.tcl


****** Vivado v2018.3 (64-bit)
  **** SW Build 2405991 on Thu Dec  6 23:38:27 MST 2018
  **** IP Build 2404404 on Fri Dec  7 01:43:56 MST 2018
    ** Copyright 1986-2018 Xilinx, Inc. All Rights Reserved.

source system_hw_conv_0_0.tcl -notrace
INFO: [IP_Flow 19-234] Refreshing IP repositories
WARNING: [IP_Flow 19-2248] Failed to load user IP repository 'c:/Users/tyqca/OneDrive/School/Labs/1195_Labs/Lab_6/vivado/vivado/ip_repo'; Can't find the specified path.
If this directory should no longer be in your list of user repositories, go to the IP Settings dialog and remove it.
INFO: [IP_Flow 19-1700] Loaded user IP repository 'c:/Users/tyqca/OneDrive/School/Labs/1195_Labs/Lab_6/solution1/impl/ip'.
INFO: [IP_Flow 19-2313] Loaded Vivado IP repository 'C:/Xilinx/Vivado/2018.3/data/ip'.
Command: synth_design -top system_hw_conv_0_0 -part xc7z020clg400-1 -mode out_of_context
Starting synth_design
Attempting to get a license for feature 'Synthesis' and/or device 'xc7z020'
INFO: [Common 17-349] Got license for feature 'Synthesis' and/or device 'xc7z020'
INFO: Launching helper process for spawning children vivado processes
INFO: Helper process launched with PID 13792 
---------------------------------------------------------------------------------
Starting RTL Elaboration : Time (s): cpu = 00:00:01 ; elapsed = 00:00:02 . Memory (MB): peak = 373.500 ; gain = 100.660
---------------------------------------------------------------------------------
INFO: [Synth 8-638] synthesizing module 'system_hw_conv_0_0' [c:/Users/tyqca/OneDrive/School/Labs/1195_Labs/Lab_6/vivado/lab6/lab6.srcs/sources_1/bd/system/ip/system_hw_conv_0_0/synth/system_hw_conv_0_0.vhd:81]
INFO: [Synth 8-3491] module 'hw_conv' declared at 'c:/Users/tyqca/OneDrive/School/Labs/1195_Labs/Lab_6/vivado/lab6/lab6.srcs/sources_1/bd/system/ipshared/f7df/hdl/vhdl/hw_conv.vhd:12' bound to instance 'U0' of component 'hw_conv' [c:/Users/tyqca/OneDrive/School/Labs/1195_Labs/Lab_6/vivado/lab6/lab6.srcs/sources_1/bd/system/ip/system_hw_conv_0_0/synth/system_hw_conv_0_0.vhd:146]
INFO: [Synth 8-638] synthesizing module 'hw_conv' [c:/Users/tyqca/OneDrive/School/Labs/1195_Labs/Lab_6/vivado/lab6/lab6.srcs/sources_1/bd/system/ipshared/f7df/hdl/vhdl/hw_conv.vhd:37]
INFO: [Synth 8-5534] Detected attribute (* fsm_encoding = "none" *) [c:/Users/tyqca/OneDrive/School/Labs/1195_Labs/Lab_6/vivado/lab6/lab6.srcs/sources_1/bd/system/ipshared/f7df/hdl/vhdl/hw_conv.vhd:158]
INFO: [Synth 8-5534] Detected attribute (* fsm_encoding = "none" *) [c:/Users/tyqca/OneDrive/School/Labs/1195_Labs/Lab_6/vivado/lab6/lab6.srcs/sources_1/bd/system/ipshared/f7df/hdl/vhdl/hw_conv.vhd:161]
INFO: [Synth 8-5534] Detected attribute (* fsm_encoding = "none" *) [c:/Users/tyqca/OneDrive/School/Labs/1195_Labs/Lab_6/vivado/lab6/lab6.srcs/sources_1/bd/system/ipshared/f7df/hdl/vhdl/hw_conv.vhd:205]
INFO: [Synth 8-5534] Detected attribute (* fsm_encoding = "none" *) [c:/Users/tyqca/OneDrive/School/Labs/1195_Labs/Lab_6/vivado/lab6/lab6.srcs/sources_1/bd/system/ipshared/f7df/hdl/vhdl/hw_conv.vhd:261]
	Parameter DataWidth bound to: 8 - type: integer 
	Parameter AddressRange bound to: 509 - type: integer 
	Parameter AddressWidth bound to: 9 - type: integer 
INFO: [Synth 8-3491] module 'hw_conv_lbuf_0' declared at 'c:/Users/tyqca/OneDrive/School/Labs/1195_Labs/Lab_6/vivado/lab6/lab6.srcs/sources_1/bd/system/ipshared/f7df/hdl/vhdl/hw_conv_lbuf_0.vhd:86' bound to instance 'lbuf_0_U' of component 'hw_conv_lbuf_0' [c:/Users/tyqca/OneDrive/School/Labs/1195_Labs/Lab_6/vivado/lab6/lab6.srcs/sources_1/bd/system/ipshared/f7df/hdl/vhdl/hw_conv.vhd:287]
INFO: [Synth 8-638] synthesizing module 'hw_conv_lbuf_0' [c:/Users/tyqca/OneDrive/School/Labs/1195_Labs/Lab_6/vivado/lab6/lab6.srcs/sources_1/bd/system/ipshared/f7df/hdl/vhdl/hw_conv_lbuf_0.vhd:103]
	Parameter DataWidth bound to: 8 - type: integer 
	Parameter AddressRange bound to: 509 - type: integer 
	Parameter AddressWidth bound to: 9 - type: integer 
INFO: [Synth 8-3491] module 'hw_conv_lbuf_0_ram' declared at 'c:/Users/tyqca/OneDrive/School/Labs/1195_Labs/Lab_6/vivado/lab6/lab6.srcs/sources_1/bd/system/ipshared/f7df/hdl/vhdl/hw_conv_lbuf_0.vhd:13' bound to instance 'hw_conv_lbuf_0_ram_U' of component 'hw_conv_lbuf_0_ram' [c:/Users/tyqca/OneDrive/School/Labs/1195_Labs/Lab_6/vivado/lab6/lab6.srcs/sources_1/bd/system/ipshared/f7df/hdl/vhdl/hw_conv_lbuf_0.vhd:119]
INFO: [Synth 8-638] synthesizing module 'hw_conv_lbuf_0_ram' [c:/Users/tyqca/OneDrive/School/Labs/1195_Labs/Lab_6/vivado/lab6/lab6.srcs/sources_1/bd/system/ipshared/f7df/hdl/vhdl/hw_conv_lbuf_0.vhd:33]
	Parameter MEM_TYPE bound to: block - type: string 
	Parameter DWIDTH bound to: 8 - type: integer 
	Parameter AWIDTH bound to: 9 - type: integer 
	Parameter MEM_SIZE bound to: 509 - type: integer 
INFO: [Synth 8-256] done synthesizing module 'hw_conv_lbuf_0_ram' (1#1) [c:/Users/tyqca/OneDrive/School/Labs/1195_Labs/Lab_6/vivado/lab6/lab6.srcs/sources_1/bd/system/ipshared/f7df/hdl/vhdl/hw_conv_lbuf_0.vhd:33]
INFO: [Synth 8-256] done synthesizing module 'hw_conv_lbuf_0' (2#1) [c:/Users/tyqca/OneDrive/School/Labs/1195_Labs/Lab_6/vivado/lab6/lab6.srcs/sources_1/bd/system/ipshared/f7df/hdl/vhdl/hw_conv_lbuf_0.vhd:103]
	Parameter DataWidth bound to: 8 - type: integer 
	Parameter AddressRange bound to: 509 - type: integer 
	Parameter AddressWidth bound to: 9 - type: integer 
INFO: [Synth 8-3491] module 'hw_conv_lbuf_0' declared at 'c:/Users/tyqca/OneDrive/School/Labs/1195_Labs/Lab_6/vivado/lab6/lab6.srcs/sources_1/bd/system/ipshared/f7df/hdl/vhdl/hw_conv_lbuf_0.vhd:86' bound to instance 'lbuf_1_U' of component 'hw_conv_lbuf_0' [c:/Users/tyqca/OneDrive/School/Labs/1195_Labs/Lab_6/vivado/lab6/lab6.srcs/sources_1/bd/system/ipshared/f7df/hdl/vhdl/hw_conv.vhd:303]
WARNING: [Synth 8-6014] Unused sequential element sout_V_dest_V_1_sel_rd_reg was removed.  [c:/Users/tyqca/OneDrive/School/Labs/1195_Labs/Lab_6/vivado/lab6/lab6.srcs/sources_1/bd/system/ipshared/f7df/hdl/vhdl/hw_conv.vhd:519]
WARNING: [Synth 8-6014] Unused sequential element sout_V_id_V_1_sel_rd_reg was removed.  [c:/Users/tyqca/OneDrive/School/Labs/1195_Labs/Lab_6/vivado/lab6/lab6.srcs/sources_1/bd/system/ipshared/f7df/hdl/vhdl/hw_conv.vhd:553]
WARNING: [Synth 8-6014] Unused sequential element sout_V_keep_V_1_sel_rd_reg was removed.  [c:/Users/tyqca/OneDrive/School/Labs/1195_Labs/Lab_6/vivado/lab6/lab6.srcs/sources_1/bd/system/ipshared/f7df/hdl/vhdl/hw_conv.vhd:587]
WARNING: [Synth 8-6014] Unused sequential element sout_V_strb_V_1_sel_rd_reg was removed.  [c:/Users/tyqca/OneDrive/School/Labs/1195_Labs/Lab_6/vivado/lab6/lab6.srcs/sources_1/bd/system/ipshared/f7df/hdl/vhdl/hw_conv.vhd:669]
WARNING: [Synth 8-6014] Unused sequential element sout_V_user_V_1_sel_rd_reg was removed.  [c:/Users/tyqca/OneDrive/School/Labs/1195_Labs/Lab_6/vivado/lab6/lab6.srcs/sources_1/bd/system/ipshared/f7df/hdl/vhdl/hw_conv.vhd:703]
INFO: [Synth 8-256] done synthesizing module 'hw_conv' (3#1) [c:/Users/tyqca/OneDrive/School/Labs/1195_Labs/Lab_6/vivado/lab6/lab6.srcs/sources_1/bd/system/ipshared/f7df/hdl/vhdl/hw_conv.vhd:37]
INFO: [Synth 8-256] done synthesizing module 'system_hw_conv_0_0' (4#1) [c:/Users/tyqca/OneDrive/School/Labs/1195_Labs/Lab_6/vivado/lab6/lab6.srcs/sources_1/bd/system/ip/system_hw_conv_0_0/synth/system_hw_conv_0_0.vhd:81]
WARNING: [Synth 8-3331] design hw_conv_lbuf_0 has unconnected port reset
WARNING: [Synth 8-3331] design hw_conv has unconnected port sin_TKEEP[0]
WARNING: [Synth 8-3331] design hw_conv has unconnected port sin_TSTRB[0]
WARNING: [Synth 8-3331] design hw_conv has unconnected port sin_TUSER[0]
WARNING: [Synth 8-3331] design hw_conv has unconnected port sin_TLAST[0]
WARNING: [Synth 8-3331] design hw_conv has unconnected port sin_TID[0]
WARNING: [Synth 8-3331] design hw_conv has unconnected port sin_TDEST[0]
---------------------------------------------------------------------------------
Finished RTL Elaboration : Time (s): cpu = 00:00:02 ; elapsed = 00:00:03 . Memory (MB): peak = 429.965 ; gain = 157.125
---------------------------------------------------------------------------------

Report Check Netlist: 
+------+------------------+-------+---------+-------+------------------+
|      |Item              |Errors |Warnings |Status |Description       |
+------+------------------+-------+---------+-------+------------------+
|1     |multi_driven_nets |      0|        0|Passed |Multi driven nets |
+------+------------------+-------+---------+-------+------------------+
---------------------------------------------------------------------------------
Start Handling Custom Attributes
---------------------------------------------------------------------------------
---------------------------------------------------------------------------------
Finished Handling Custom Attributes : Time (s): cpu = 00:00:02 ; elapsed = 00:00:03 . Memory (MB): peak = 429.965 ; gain = 157.125
---------------------------------------------------------------------------------
---------------------------------------------------------------------------------
Finished RTL Optimization Phase 1 : Time (s): cpu = 00:00:02 ; elapsed = 00:00:03 . Memory (MB): peak = 429.965 ; gain = 157.125
---------------------------------------------------------------------------------
INFO: [Device 21-403] Loading part xc7z020clg400-1
INFO: [Project 1-570] Preparing netlist for logic optimization

Processing XDC Constraints
Initializing timing engine
Parsing XDC File [c:/Users/tyqca/OneDrive/School/Labs/1195_Labs/Lab_6/vivado/lab6/lab6.srcs/sources_1/bd/system/ip/system_hw_conv_0_0/constraints/hw_conv_ooc.xdc] for cell 'U0'
Finished Parsing XDC File [c:/Users/tyqca/OneDrive/School/Labs/1195_Labs/Lab_6/vivado/lab6/lab6.srcs/sources_1/bd/system/ip/system_hw_conv_0_0/constraints/hw_conv_ooc.xdc] for cell 'U0'
Parsing XDC File [C:/Users/tyqca/OneDrive/School/Labs/1195_Labs/Lab_6/vivado/lab6/lab6.runs/system_hw_conv_0_0_synth_1/dont_touch.xdc]
Finished Parsing XDC File [C:/Users/tyqca/OneDrive/School/Labs/1195_Labs/Lab_6/vivado/lab6/lab6.runs/system_hw_conv_0_0_synth_1/dont_touch.xdc]
Completed Processing XDC Constraints

Netlist sorting complete. Time (s): cpu = 00:00:00 ; elapsed = 00:00:00 . Memory (MB): peak = 790.910 ; gain = 0.000
INFO: [Project 1-111] Unisim Transformation Summary:
No Unisim elements were transformed.

Netlist sorting complete. Time (s): cpu = 00:00:00 ; elapsed = 00:00:00 . Memory (MB): peak = 790.910 ; gain = 0.000
Constraint Validation Runtime : Time (s): cpu = 00:00:00 ; elapsed = 00:00:00.031 . Memory (MB): peak = 792.008 ; gain = 1.098
---------------------------------------------------------------------------------
Finished Constraint Validation : Time (s): cpu = 00:00:07 ; elapsed = 00:00:13 . Memory (MB): peak = 792.008 ; gain = 519.168
---------------------------------------------------------------------------------
---------------------------------------------------------------------------------
Start Loading Part and Timing Information
---------------------------------------------------------------------------------
Loading part: xc7z020clg400-1
---------------------------------------------------------------------------------
Finished Loading Part and Timing Information : Time (s): cpu = 00:00:07 ; elapsed = 00:00:13 . Memory (MB): peak = 792.008 ; gain = 519.168
---------------------------------------------------------------------------------
---------------------------------------------------------------------------------
Start Applying 'set_property' XDC Constraints
---------------------------------------------------------------------------------
Applied set_property DONT_TOUCH = true for U0. (constraint file  C:/Users/tyqca/OneDrive/School/Labs/1195_Labs/Lab_6/vivado/lab6/lab6.runs/system_hw_conv_0_0_synth_1/dont_touch.xdc, line 9).
---------------------------------------------------------------------------------
Finished applying 'set_property' XDC Constraints : Time (s): cpu = 00:00:07 ; elapsed = 00:00:13 . Memory (MB): peak = 792.008 ; gain = 519.168
---------------------------------------------------------------------------------
INFO: [Synth 8-4471] merging register 'kbuf_1_2_reg_669_reg[7:0]' into 'kbuf_1_1_fu_122_reg[7:0]' [c:/Users/tyqca/OneDrive/School/Labs/1195_Labs/Lab_6/vivado/lab6/lab6.srcs/sources_1/bd/system/ipshared/f7df/hdl/vhdl/hw_conv.vhd:784]
INFO: [Synth 8-4471] merging register 'lbuf_1_addr_reg_635_reg[8:0]' into 'lbuf_0_addr_reg_629_reg[8:0]' [c:/Users/tyqca/OneDrive/School/Labs/1195_Labs/Lab_6/vivado/lab6/lab6.srcs/sources_1/bd/system/ipshared/f7df/hdl/vhdl/hw_conv.vhd:314]
INFO: [Synth 8-4490] FSM extraction disabled for register 'ap_CS_fsm_reg' through user attribute
INFO: [Synth 8-5546] ROM "exitcond1_fu_251_p2" won't be mapped to RAM because it is too sparse
INFO: [Synth 8-5544] ROM "sin_V_data_V_0_state_cmp_full" won't be mapped to Block RAM because address size (2) smaller than threshold (5)
INFO: [Synth 8-5544] ROM "sout_V_data_V_1_state_cmp_full" won't be mapped to Block RAM because address size (2) smaller than threshold (5)
INFO: [Synth 8-5544] ROM "sout_V_last_V_1_state_cmp_full" won't be mapped to Block RAM because address size (2) smaller than threshold (5)
INFO: [Synth 8-5546] ROM "tmp_last_V_fu_292_p2" won't be mapped to RAM because it is too sparse
---------------------------------------------------------------------------------
Finished RTL Optimization Phase 2 : Time (s): cpu = 00:00:07 ; elapsed = 00:00:13 . Memory (MB): peak = 792.008 ; gain = 519.168
---------------------------------------------------------------------------------

Report RTL Partitions: 
+-+--------------+------------+----------+
| |RTL Partition |Replication |Instances |
+-+--------------+------------+----------+
+-+--------------+------------+----------+
---------------------------------------------------------------------------------
Start RTL Component Statistics 
---------------------------------------------------------------------------------
Detailed RTL Component Info : 
+---Adders : 
	   2 Input     19 Bit       Adders := 1     
	   3 Input     12 Bit       Adders := 2     
	   4 Input     10 Bit       Adders := 1     
	   3 Input     10 Bit       Adders := 1     
	   2 Input      8 Bit       Adders := 1     
	   4 Input      8 Bit       Adders := 1     
+---Registers : 
	               10 Bit    Registers := 2     
	                9 Bit    Registers := 1     
	                8 Bit    Registers := 18    
	                3 Bit    Registers := 1     
	                2 Bit    Registers := 9     
	                1 Bit    Registers := 18    
+---RAMs : 
	               3K Bit         RAMs := 2     
+---Muxes : 
	   2 Input      8 Bit        Muxes := 3     
	   4 Input      3 Bit        Muxes := 1     
	   2 Input      3 Bit        Muxes := 3     
	   2 Input      2 Bit        Muxes := 12    
	   4 Input      2 Bit        Muxes := 8     
	   2 Input      1 Bit        Muxes := 19    
---------------------------------------------------------------------------------
Finished RTL Component Statistics 
---------------------------------------------------------------------------------
---------------------------------------------------------------------------------
Start RTL Hierarchical Component Statistics 
---------------------------------------------------------------------------------
Hierarchical RTL Component report 
Module hw_conv_lbuf_0_ram 
Detailed RTL Component Info : 
+---Registers : 
	                8 Bit    Registers := 1     
+---RAMs : 
	               3K Bit         RAMs := 1     
Module hw_conv 
Detailed RTL Component Info : 
+---Adders : 
	   2 Input     19 Bit       Adders := 1     
	   3 Input     12 Bit       Adders := 2     
	   4 Input     10 Bit       Adders := 1     
	   3 Input     10 Bit       Adders := 1     
	   2 Input      8 Bit       Adders := 1     
	   4 Input      8 Bit       Adders := 1     
+---Registers : 
	               10 Bit    Registers := 2     
	                9 Bit    Registers := 1     
	                8 Bit    Registers := 16    
	                3 Bit    Registers := 1     
	                2 Bit    Registers := 9     
	                1 Bit    Registers := 18    
+---Muxes : 
	   2 Input      8 Bit        Muxes := 3     
	   4 Input      3 Bit        Muxes := 1     
	   2 Input      3 Bit        Muxes := 3     
	   2 Input      2 Bit        Muxes := 12    
	   4 Input      2 Bit        Muxes := 8     
	   2 Input      1 Bit        Muxes := 19    
---------------------------------------------------------------------------------
Finished RTL Hierarchical Component Statistics
---------------------------------------------------------------------------------
---------------------------------------------------------------------------------
Start Part Resource Summary
---------------------------------------------------------------------------------
Part Resources:
DSPs: 220 (col length:60)
BRAMs: 280 (col length: RAMB18 60 RAMB36 30)
---------------------------------------------------------------------------------
Finished Part Resource Summary
---------------------------------------------------------------------------------
---------------------------------------------------------------------------------
Start Cross Boundary and Area Optimization
---------------------------------------------------------------------------------
Warning: Parallel synthesis criteria is not met 
INFO: [Synth 8-5546] ROM "exitcond1_fu_251_p2" won't be mapped to RAM because it is too sparse
INFO: [Synth 8-5546] ROM "tmp_last_V_fu_292_p2" won't be mapped to RAM because it is too sparse
WARNING: [Synth 8-3331] design hw_conv has unconnected port sin_TKEEP[0]
WARNING: [Synth 8-3331] design hw_conv has unconnected port sin_TSTRB[0]
WARNING: [Synth 8-3331] design hw_conv has unconnected port sin_TUSER[0]
WARNING: [Synth 8-3331] design hw_conv has unconnected port sin_TLAST[0]
WARNING: [Synth 8-3331] design hw_conv has unconnected port sin_TID[0]
WARNING: [Synth 8-3331] design hw_conv has unconnected port sin_TDEST[0]
---------------------------------------------------------------------------------
Finished Cross Boundary and Area Optimization : Time (s): cpu = 00:00:08 ; elapsed = 00:00:15 . Memory (MB): peak = 792.008 ; gain = 519.168
---------------------------------------------------------------------------------
---------------------------------------------------------------------------------
Start ROM, RAM, DSP and Shift Register Reporting
---------------------------------------------------------------------------------

Block RAM: Preliminary Mapping  Report (see note below)
+--------------------+------------+------------------------+---+---+------------------------+---+---+------------------+--------+--------+
|Module Name         | RTL Object | PORT A (Depth x Width) | W | R | PORT B (Depth x Width) | W | R | Ports driving FF | RAMB18 | RAMB36 | 
+--------------------+------------+------------------------+---+---+------------------------+---+---+------------------+--------+--------+
|hw_conv_lbuf_0_ram: | ram_reg    | 512 x 8(READ_FIRST)    | W |   | 512 x 8(WRITE_FIRST)   |   | R | Port A and B     | 1      | 0      | 
|hw_conv_lbuf_0_ram: | ram_reg    | 512 x 8(READ_FIRST)    | W |   | 512 x 8(WRITE_FIRST)   |   | R | Port A and B     | 1      | 0      | 
+--------------------+------------+------------------------+---+---+------------------------+---+---+------------------+--------+--------+

Note: The table above is a preliminary report that shows the Block RAMs at the current stage of the synthesis flow. Some Block RAMs may be reimplemented as non Block RAM primitives later in the synthesis flow. Multiple instantiated Block RAMs are reported only once. 
---------------------------------------------------------------------------------
Finished ROM, RAM, DSP and Shift Register Reporting
---------------------------------------------------------------------------------
INFO: [Synth 8-6837] The timing for the instance U0/i_2_2/lbuf_0_U/hw_conv_lbuf_0_ram_U/ram_reg (implemented as a Block RAM) might be sub-optimal as no optional output register could be merged into the block ram. Providing additional output register may help in improving timing.
INFO: [Synth 8-6837] The timing for the instance U0/i_2_3/lbuf_1_U/hw_conv_lbuf_0_ram_U/ram_reg (implemented as a Block RAM) might be sub-optimal as no optional output register could be merged into the block ram. Providing additional output register may help in improving timing.

Report RTL Partitions: 
+-+--------------+------------+----------+
| |RTL Partition |Replication |Instances |
+-+--------------+------------+----------+
+-+--------------+------------+----------+
---------------------------------------------------------------------------------
Start Applying XDC Timing Constraints
---------------------------------------------------------------------------------
---------------------------------------------------------------------------------
Finished Applying XDC Timing Constraints : Time (s): cpu = 00:00:14 ; elapsed = 00:00:21 . Memory (MB): peak = 792.008 ; gain = 519.168
---------------------------------------------------------------------------------
---------------------------------------------------------------------------------
Start Timing Optimization
---------------------------------------------------------------------------------
---------------------------------------------------------------------------------
Finished Timing Optimization : Time (s): cpu = 00:00:14 ; elapsed = 00:00:21 . Memory (MB): peak = 792.008 ; gain = 519.168
---------------------------------------------------------------------------------
---------------------------------------------------------------------------------
Start ROM, RAM, DSP and Shift Register Reporting
---------------------------------------------------------------------------------

Block RAM: Final Mapping  Report
+--------------------+------------+------------------------+---+---+------------------------+---+---+------------------+--------+--------+
|Module Name         | RTL Object | PORT A (Depth x Width) | W | R | PORT B (Depth x Width) | W | R | Ports driving FF | RAMB18 | RAMB36 | 
+--------------------+------------+------------------------+---+---+------------------------+---+---+------------------+--------+--------+
|hw_conv_lbuf_0_ram: | ram_reg    | 512 x 8(READ_FIRST)    | W |   | 512 x 8(WRITE_FIRST)   |   | R | Port A and B     | 1      | 0      | 
|hw_conv_lbuf_0_ram: | ram_reg    | 512 x 8(READ_FIRST)    | W |   | 512 x 8(WRITE_FIRST)   |   | R | Port A and B     | 1      | 0      | 
+--------------------+------------+------------------------+---+---+------------------------+---+---+------------------+--------+--------+

---------------------------------------------------------------------------------
Finished ROM, RAM, DSP and Shift Register Reporting
---------------------------------------------------------------------------------

Report RTL Partitions: 
+-+--------------+------------+----------+
| |RTL Partition |Replication |Instances |
+-+--------------+------------+----------+
+-+--------------+------------+----------+
---------------------------------------------------------------------------------
Start Technology Mapping
---------------------------------------------------------------------------------
INFO: [Synth 8-6837] The timing for the instance U0/lbuf_0_U/hw_conv_lbuf_0_ram_U/ram_reg (implemented as a Block RAM) might be sub-optimal as no optional output register could be merged into the block ram. Providing additional output register may help in improving timing.
INFO: [Synth 8-6837] The timing for the instance U0/lbuf_1_U/hw_conv_lbuf_0_ram_U/ram_reg (implemented as a Block RAM) might be sub-optimal as no optional output register could be merged into the block ram. Providing additional output register may help in improving timing.
---------------------------------------------------------------------------------
Finished Technology Mapping : Time (s): cpu = 00:00:14 ; elapsed = 00:00:21 . Memory (MB): peak = 803.043 ; gain = 530.203
---------------------------------------------------------------------------------

Report RTL Partitions: 
+-+--------------+------------+----------+
| |RTL Partition |Replication |Instances |
+-+--------------+------------+----------+
+-+--------------+------------+----------+
---------------------------------------------------------------------------------
Start IO Insertion
---------------------------------------------------------------------------------
---------------------------------------------------------------------------------
Start Flattening Before IO Insertion
---------------------------------------------------------------------------------
---------------------------------------------------------------------------------
Finished Flattening Before IO Insertion
---------------------------------------------------------------------------------
---------------------------------------------------------------------------------
Start Final Netlist Cleanup
---------------------------------------------------------------------------------
---------------------------------------------------------------------------------
Finished Final Netlist Cleanup
---------------------------------------------------------------------------------
---------------------------------------------------------------------------------
Finished IO Insertion : Time (s): cpu = 00:00:15 ; elapsed = 00:00:21 . Memory (MB): peak = 803.043 ; gain = 530.203
---------------------------------------------------------------------------------

Report Check Netlist: 
+------+------------------+-------+---------+-------+------------------+
|      |Item              |Errors |Warnings |Status |Description       |
+------+------------------+-------+---------+-------+------------------+
|1     |multi_driven_nets |      0|        0|Passed |Multi driven nets |
+------+------------------+-------+---------+-------+------------------+
---------------------------------------------------------------------------------
Start Renaming Generated Instances
---------------------------------------------------------------------------------
---------------------------------------------------------------------------------
Finished Renaming Generated Instances : Time (s): cpu = 00:00:15 ; elapsed = 00:00:21 . Memory (MB): peak = 803.043 ; gain = 530.203
---------------------------------------------------------------------------------

Report RTL Partitions: 
+-+--------------+------------+----------+
| |RTL Partition |Replication |Instances |
+-+--------------+------------+----------+
+-+--------------+------------+----------+
---------------------------------------------------------------------------------
Start Rebuilding User Hierarchy
---------------------------------------------------------------------------------
---------------------------------------------------------------------------------
Finished Rebuilding User Hierarchy : Time (s): cpu = 00:00:15 ; elapsed = 00:00:21 . Memory (MB): peak = 803.043 ; gain = 530.203
---------------------------------------------------------------------------------
---------------------------------------------------------------------------------
Start Renaming Generated Ports
---------------------------------------------------------------------------------
---------------------------------------------------------------------------------
Finished Renaming Generated Ports : Time (s): cpu = 00:00:15 ; elapsed = 00:00:21 . Memory (MB): peak = 803.043 ; gain = 530.203
---------------------------------------------------------------------------------
---------------------------------------------------------------------------------
Start Handling Custom Attributes
---------------------------------------------------------------------------------
---------------------------------------------------------------------------------
Finished Handling Custom Attributes : Time (s): cpu = 00:00:15 ; elapsed = 00:00:21 . Memory (MB): peak = 803.043 ; gain = 530.203
---------------------------------------------------------------------------------
---------------------------------------------------------------------------------
Start Renaming Generated Nets
---------------------------------------------------------------------------------
---------------------------------------------------------------------------------
Finished Renaming Generated Nets : Time (s): cpu = 00:00:15 ; elapsed = 00:00:21 . Memory (MB): peak = 803.043 ; gain = 530.203
---------------------------------------------------------------------------------
---------------------------------------------------------------------------------
Start Writing Synthesis Report
---------------------------------------------------------------------------------

Report BlackBoxes: 
+-+--------------+----------+
| |BlackBox name |Instances |
+-+--------------+----------+
+-+--------------+----------+

Report Cell Usage: 
+------+---------+------+
|      |Cell     |Count |
+------+---------+------+
|1     |CARRY4   |    31|
|2     |LUT1     |     3|
|3     |LUT2     |    21|
|4     |LUT3     |    67|
|5     |LUT4     |    51|
|6     |LUT5     |    39|
|7     |LUT6     |    22|
|8     |RAMB18E1 |     2|
|9     |FDRE     |   217|
|10    |FDSE     |    17|
+------+---------+------+

Report Instance Areas: 
+------+---------------------------+---------------------+------+
|      |Instance                   |Module               |Cells |
+------+---------------------------+---------------------+------+
|1     |top                        |                     |   470|
|2     |  U0                       |hw_conv              |   470|
|3     |    lbuf_0_U               |hw_conv_lbuf_0       |    28|
|4     |      hw_conv_lbuf_0_ram_U |hw_conv_lbuf_0_ram_1 |    28|
|5     |    lbuf_1_U               |hw_conv_lbuf_0_0     |    25|
|6     |      hw_conv_lbuf_0_ram_U |hw_conv_lbuf_0_ram   |    25|
+------+---------------------------+---------------------+------+
---------------------------------------------------------------------------------
Finished Writing Synthesis Report : Time (s): cpu = 00:00:15 ; elapsed = 00:00:21 . Memory (MB): peak = 803.043 ; gain = 530.203
---------------------------------------------------------------------------------
Synthesis finished with 0 errors, 0 critical warnings and 6 warnings.
Synthesis Optimization Runtime : Time (s): cpu = 00:00:10 ; elapsed = 00:00:14 . Memory (MB): peak = 803.043 ; gain = 168.160
Synthesis Optimization Complete : Time (s): cpu = 00:00:15 ; elapsed = 00:00:22 . Memory (MB): peak = 803.043 ; gain = 530.203
INFO: [Project 1-571] Translating synthesized netlist
INFO: [Netlist 29-17] Analyzing 33 Unisim elements for replacement
INFO: [Netlist 29-28] Unisim Transformation completed in 0 CPU seconds
INFO: [Project 1-570] Preparing netlist for logic optimization
INFO: [Opt 31-138] Pushed 0 inverter(s) to 0 load pin(s).
Netlist sorting complete. Time (s): cpu = 00:00:00 ; elapsed = 00:00:00 . Memory (MB): peak = 803.043 ; gain = 0.000
INFO: [Project 1-111] Unisim Transformation Summary:
No Unisim elements were transformed.

INFO: [Common 17-83] Releasing license: Synthesis
44 Infos, 19 Warnings, 0 Critical Warnings and 0 Errors encountered.
synth_design completed successfully
synth_design: Time (s): cpu = 00:00:17 ; elapsed = 00:00:24 . Memory (MB): peak = 803.043 ; gain = 530.203
Netlist sorting complete. Time (s): cpu = 00:00:00 ; elapsed = 00:00:00.001 . Memory (MB): peak = 803.043 ; gain = 0.000
WARNING: [Constraints 18-5210] No constraints selected for write.
Resolution: This message can indicate that there are no constraints for the design, or it can indicate that the used_in flags are set such that the constraints are ignored. This later case is used when running synth_design to not write synthesis constraints to the resulting checkpoint. Instead, project constraints are read when the synthesized design is opened.
INFO: [Common 17-1381] The checkpoint 'C:/Users/tyqca/OneDrive/School/Labs/1195_Labs/Lab_6/vivado/lab6/lab6.runs/system_hw_conv_0_0_synth_1/system_hw_conv_0_0.dcp' has been generated.
INFO: [Coretcl 2-1648] Added synthesis output to IP cache for IP system_hw_conv_0_0, cache-ID = 2bffd0bc6fa3fb06
INFO: [Coretcl 2-1174] Renamed 5 cell refs.
Netlist sorting complete. Time (s): cpu = 00:00:00 ; elapsed = 00:00:00 . Memory (MB): peak = 803.043 ; gain = 0.000
WARNING: [Constraints 18-5210] No constraints selected for write.
Resolution: This message can indicate that there are no constraints for the design, or it can indicate that the used_in flags are set such that the constraints are ignored. This later case is used when running synth_design to not write synthesis constraints to the resulting checkpoint. Instead, project constraints are read when the synthesized design is opened.
INFO: [Common 17-1381] The checkpoint 'C:/Users/tyqca/OneDrive/School/Labs/1195_Labs/Lab_6/vivado/lab6/lab6.runs/system_hw_conv_0_0_synth_1/system_hw_conv_0_0.dcp' has been generated.
INFO: [runtcl-4] Executing : report_utilization -file system_hw_conv_0_0_utilization_synth.rpt -pb system_hw_conv_0_0_utilization_synth.pb
INFO: [Common 17-206] Exiting Vivado at Thu Dec  5 12:24:02 2019...
