09:22:10 INFO  : Registering command handlers for SDK TCF services
09:22:11 INFO  : Launching XSCT server: xsct.bat -interactive C:\Users\tyqca\OneDrive\School\Labs\1195_Labs\Lab_3\Lab_3.sdk\temp_xsdb_launch_script.tcl
09:22:13 INFO  : XSCT server has started successfully.
09:22:13 INFO  : Successfully done setting XSCT server connection channel  
09:22:15 INFO  : Successfully done setting SDK workspace  
09:22:15 INFO  : Processing command line option -hwspec C:/Users/tyqca/OneDrive/School/Labs/1195_Labs/Lab_3/Lab_3.sdk/lab_3_wrapper.hdf.
10:52:06 INFO  : Connected to target on host '127.0.0.1' and port '3121'.
10:52:07 INFO  : Jtag cable 'Xilinx PYNQ-Z1 003017AEE2AEA' is selected.
10:52:07 INFO  : 'jtag frequency' command is executed.
10:52:07 INFO  : Sourcing of 'C:/Users/tyqca/OneDrive/School/Labs/1195_Labs/Lab_3/Lab_3.sdk/lab_3_wrapper_hw_platform_0/ps7_init.tcl' is done.
10:52:07 INFO  : 'targets -set -filter {jtag_cable_name =~ "Xilinx PYNQ-Z1 003017AEE2AEA" && level==0} -index 1' command is executed.
10:52:09 INFO  : FPGA configured successfully with bitstream "C:/Users/tyqca/OneDrive/School/Labs/1195_Labs/Lab_3/Lab_3.sdk/lab_3_wrapper_hw_platform_0/lab_3_wrapper.bit"
10:52:09 INFO  : Context for 'APU' is selected.
10:52:09 INFO  : Hardware design information is loaded from 'C:/Users/tyqca/OneDrive/School/Labs/1195_Labs/Lab_3/Lab_3.sdk/lab_3_wrapper_hw_platform_0/system.hdf'.
10:52:09 INFO  : 'configparams force-mem-access 1' command is executed.
10:52:09 INFO  : Context for 'APU' is selected.
10:52:09 INFO  : 'stop' command is executed.
10:52:10 INFO  : 'ps7_init' command is executed.
10:52:10 INFO  : 'ps7_post_config' command is executed.
10:52:10 INFO  : Context for processor 'ps7_cortexa9_0' is selected.
10:52:10 INFO  : Processor reset is completed for 'ps7_cortexa9_0'.
10:52:10 INFO  : Context for processor 'ps7_cortexa9_0' is selected.
10:52:10 INFO  : The application 'C:/Users/tyqca/OneDrive/School/Labs/1195_Labs/Lab_3/Lab_3.sdk/Multiplier_unit_TB/Debug/Multiplier_unit_TB.elf' is downloaded to processor 'ps7_cortexa9_0'.
10:52:10 INFO  : 'configparams force-mem-access 0' command is executed.
10:52:10 INFO  : ----------------XSDB Script----------------
connect -url tcp:127.0.0.1:3121
source C:/Users/tyqca/OneDrive/School/Labs/1195_Labs/Lab_3/Lab_3.sdk/lab_3_wrapper_hw_platform_0/ps7_init.tcl
targets -set -filter {jtag_cable_name =~ "Xilinx PYNQ-Z1 003017AEE2AEA" && level==0} -index 1
fpga -file C:/Users/tyqca/OneDrive/School/Labs/1195_Labs/Lab_3/Lab_3.sdk/lab_3_wrapper_hw_platform_0/lab_3_wrapper.bit
targets -set -nocase -filter {name =~"APU*" && jtag_cable_name =~ "Xilinx PYNQ-Z1 003017AEE2AEA"} -index 0
loadhw -hw C:/Users/tyqca/OneDrive/School/Labs/1195_Labs/Lab_3/Lab_3.sdk/lab_3_wrapper_hw_platform_0/system.hdf -mem-ranges [list {0x40000000 0xbfffffff}]
configparams force-mem-access 1
targets -set -nocase -filter {name =~"APU*" && jtag_cable_name =~ "Xilinx PYNQ-Z1 003017AEE2AEA"} -index 0
stop
ps7_init
ps7_post_config
targets -set -nocase -filter {name =~ "ARM*#0" && jtag_cable_name =~ "Xilinx PYNQ-Z1 003017AEE2AEA"} -index 0
rst -processor
targets -set -nocase -filter {name =~ "ARM*#0" && jtag_cable_name =~ "Xilinx PYNQ-Z1 003017AEE2AEA"} -index 0
dow C:/Users/tyqca/OneDrive/School/Labs/1195_Labs/Lab_3/Lab_3.sdk/Multiplier_unit_TB/Debug/Multiplier_unit_TB.elf
configparams force-mem-access 0
----------------End of Script----------------

10:52:11 INFO  : Memory regions updated for context APU
10:52:11 INFO  : Context for processor 'ps7_cortexa9_0' is selected.
10:52:11 INFO  : 'con' command is executed.
10:52:11 INFO  : ----------------XSDB Script (After Launch)----------------
targets -set -nocase -filter {name =~ "ARM*#0" && jtag_cable_name =~ "Xilinx PYNQ-Z1 003017AEE2AEA"} -index 0
con
----------------End of Script----------------

10:52:11 INFO  : Launch script is exported to file 'C:\Users\tyqca\OneDrive\School\Labs\1195_Labs\Lab_3\Lab_3.sdk\.sdk\launch_scripts\xilinx_c-c++_application_(system_debugger)\system_debugger_using_debug_multiplier_unit_tb.elf_on_local.tcl'
10:52:24 INFO  : Disconnected from the channel tcfchan#1.
10:52:25 INFO  : Connected to target on host '127.0.0.1' and port '3121'.
10:52:25 INFO  : Jtag cable 'Xilinx PYNQ-Z1 003017AEE2AEA' is selected.
10:52:25 INFO  : 'jtag frequency' command is executed.
10:52:25 INFO  : Sourcing of 'C:/Users/tyqca/OneDrive/School/Labs/1195_Labs/Lab_3/Lab_3.sdk/lab_3_wrapper_hw_platform_0/ps7_init.tcl' is done.
10:52:25 INFO  : 'targets -set -filter {jtag_cable_name =~ "Xilinx PYNQ-Z1 003017AEE2AEA" && level==0} -index 1' command is executed.
10:52:28 INFO  : FPGA configured successfully with bitstream "C:/Users/tyqca/OneDrive/School/Labs/1195_Labs/Lab_3/Lab_3.sdk/lab_3_wrapper_hw_platform_0/lab_3_wrapper.bit"
10:52:28 INFO  : Context for 'APU' is selected.
10:52:29 INFO  : Hardware design information is loaded from 'C:/Users/tyqca/OneDrive/School/Labs/1195_Labs/Lab_3/Lab_3.sdk/lab_3_wrapper_hw_platform_0/system.hdf'.
10:52:29 INFO  : 'configparams force-mem-access 1' command is executed.
10:52:29 INFO  : Context for 'APU' is selected.
10:52:29 INFO  : 'stop' command is executed.
10:52:30 INFO  : 'ps7_init' command is executed.
10:52:30 INFO  : 'ps7_post_config' command is executed.
10:52:30 INFO  : Context for processor 'ps7_cortexa9_0' is selected.
10:52:30 INFO  : Processor reset is completed for 'ps7_cortexa9_0'.
10:52:30 INFO  : Context for processor 'ps7_cortexa9_0' is selected.
10:52:30 INFO  : The application 'C:/Users/tyqca/OneDrive/School/Labs/1195_Labs/Lab_3/Lab_3.sdk/Multiplier_unit_TB/Debug/Multiplier_unit_TB.elf' is downloaded to processor 'ps7_cortexa9_0'.
10:52:30 INFO  : 'configparams force-mem-access 0' command is executed.
10:52:30 INFO  : ----------------XSDB Script----------------
connect -url tcp:127.0.0.1:3121
source C:/Users/tyqca/OneDrive/School/Labs/1195_Labs/Lab_3/Lab_3.sdk/lab_3_wrapper_hw_platform_0/ps7_init.tcl
targets -set -filter {jtag_cable_name =~ "Xilinx PYNQ-Z1 003017AEE2AEA" && level==0} -index 1
fpga -file C:/Users/tyqca/OneDrive/School/Labs/1195_Labs/Lab_3/Lab_3.sdk/lab_3_wrapper_hw_platform_0/lab_3_wrapper.bit
targets -set -nocase -filter {name =~"APU*" && jtag_cable_name =~ "Xilinx PYNQ-Z1 003017AEE2AEA"} -index 0
loadhw -hw C:/Users/tyqca/OneDrive/School/Labs/1195_Labs/Lab_3/Lab_3.sdk/lab_3_wrapper_hw_platform_0/system.hdf -mem-ranges [list {0x40000000 0xbfffffff}]
configparams force-mem-access 1
targets -set -nocase -filter {name =~"APU*" && jtag_cable_name =~ "Xilinx PYNQ-Z1 003017AEE2AEA"} -index 0
stop
ps7_init
ps7_post_config
targets -set -nocase -filter {name =~ "ARM*#0" && jtag_cable_name =~ "Xilinx PYNQ-Z1 003017AEE2AEA"} -index 0
rst -processor
targets -set -nocase -filter {name =~ "ARM*#0" && jtag_cable_name =~ "Xilinx PYNQ-Z1 003017AEE2AEA"} -index 0
dow C:/Users/tyqca/OneDrive/School/Labs/1195_Labs/Lab_3/Lab_3.sdk/Multiplier_unit_TB/Debug/Multiplier_unit_TB.elf
configparams force-mem-access 0
----------------End of Script----------------

10:52:30 INFO  : Memory regions updated for context APU
10:52:30 INFO  : Context for processor 'ps7_cortexa9_0' is selected.
10:52:30 INFO  : 'con' command is executed.
10:52:30 INFO  : ----------------XSDB Script (After Launch)----------------
targets -set -nocase -filter {name =~ "ARM*#0" && jtag_cable_name =~ "Xilinx PYNQ-Z1 003017AEE2AEA"} -index 0
con
----------------End of Script----------------

10:52:30 INFO  : Launch script is exported to file 'C:\Users\tyqca\OneDrive\School\Labs\1195_Labs\Lab_3\Lab_3.sdk\.sdk\launch_scripts\xilinx_c-c++_application_(system_debugger)\system_debugger_using_debug_multiplier_unit_tb.elf_on_local.tcl'
10:54:17 INFO  : Disconnected from the channel tcfchan#2.
10:54:18 INFO  : Connected to target on host '127.0.0.1' and port '3121'.
10:54:18 INFO  : Jtag cable 'Xilinx PYNQ-Z1 003017AEE2AEA' is selected.
10:54:18 INFO  : 'jtag frequency' command is executed.
10:54:18 INFO  : Sourcing of 'C:/Users/tyqca/OneDrive/School/Labs/1195_Labs/Lab_3/Lab_3.sdk/lab_3_wrapper_hw_platform_0/ps7_init.tcl' is done.
10:54:18 INFO  : 'targets -set -filter {jtag_cable_name =~ "Xilinx PYNQ-Z1 003017AEE2AEA" && level==0} -index 1' command is executed.
10:54:21 INFO  : FPGA configured successfully with bitstream "C:/Users/tyqca/OneDrive/School/Labs/1195_Labs/Lab_3/Lab_3.sdk/lab_3_wrapper_hw_platform_0/lab_3_wrapper.bit"
10:54:21 INFO  : Context for 'APU' is selected.
10:54:22 INFO  : Hardware design information is loaded from 'C:/Users/tyqca/OneDrive/School/Labs/1195_Labs/Lab_3/Lab_3.sdk/lab_3_wrapper_hw_platform_0/system.hdf'.
10:54:22 INFO  : 'configparams force-mem-access 1' command is executed.
10:54:22 INFO  : Context for 'APU' is selected.
10:54:22 INFO  : 'stop' command is executed.
10:54:25 INFO  : 'ps7_init' command is executed.
10:54:25 INFO  : 'ps7_post_config' command is executed.
10:54:25 INFO  : Context for processor 'ps7_cortexa9_0' is selected.
10:54:25 INFO  : Processor reset is completed for 'ps7_cortexa9_0'.
10:54:25 INFO  : Context for processor 'ps7_cortexa9_0' is selected.
10:54:28 ERROR : Memory write error at 0x100000. AP transaction timeout
10:54:28 INFO  : ----------------XSDB Script----------------
connect -url tcp:127.0.0.1:3121
source C:/Users/tyqca/OneDrive/School/Labs/1195_Labs/Lab_3/Lab_3.sdk/lab_3_wrapper_hw_platform_0/ps7_init.tcl
targets -set -filter {jtag_cable_name =~ "Xilinx PYNQ-Z1 003017AEE2AEA" && level==0} -index 1
fpga -file C:/Users/tyqca/OneDrive/School/Labs/1195_Labs/Lab_3/Lab_3.sdk/lab_3_wrapper_hw_platform_0/lab_3_wrapper.bit
targets -set -nocase -filter {name =~"APU*" && jtag_cable_name =~ "Xilinx PYNQ-Z1 003017AEE2AEA"} -index 0
loadhw -hw C:/Users/tyqca/OneDrive/School/Labs/1195_Labs/Lab_3/Lab_3.sdk/lab_3_wrapper_hw_platform_0/system.hdf -mem-ranges [list {0x40000000 0xbfffffff}]
configparams force-mem-access 1
targets -set -nocase -filter {name =~"APU*" && jtag_cable_name =~ "Xilinx PYNQ-Z1 003017AEE2AEA"} -index 0
stop
ps7_init
ps7_post_config
targets -set -nocase -filter {name =~ "ARM*#0" && jtag_cable_name =~ "Xilinx PYNQ-Z1 003017AEE2AEA"} -index 0
rst -processor
targets -set -nocase -filter {name =~ "ARM*#0" && jtag_cable_name =~ "Xilinx PYNQ-Z1 003017AEE2AEA"} -index 0
dow C:/Users/tyqca/OneDrive/School/Labs/1195_Labs/Lab_3/Lab_3.sdk/Multiplier_unit_TB/Debug/Multiplier_unit_TB.elf
----------------End of Script----------------

10:54:55 INFO  : Connected to target on host '127.0.0.1' and port '3121'.
10:54:55 INFO  : Jtag cable 'Xilinx PYNQ-Z1 003017AEE2AEA' is selected.
10:54:55 INFO  : 'jtag frequency' command is executed.
10:54:55 INFO  : Sourcing of 'C:/Users/tyqca/OneDrive/School/Labs/1195_Labs/Lab_3/Lab_3.sdk/lab_3_wrapper_hw_platform_0/ps7_init.tcl' is done.
10:54:56 INFO  : 'targets -set -filter {jtag_cable_name =~ "Xilinx PYNQ-Z1 003017AEE2AEA" && level==0} -index 1' command is executed.
10:54:58 INFO  : FPGA configured successfully with bitstream "C:/Users/tyqca/OneDrive/School/Labs/1195_Labs/Lab_3/Lab_3.sdk/lab_3_wrapper_hw_platform_0/lab_3_wrapper.bit"
10:54:58 INFO  : Context for 'APU' is selected.
10:54:58 INFO  : Hardware design information is loaded from 'C:/Users/tyqca/OneDrive/School/Labs/1195_Labs/Lab_3/Lab_3.sdk/lab_3_wrapper_hw_platform_0/system.hdf'.
10:54:58 INFO  : 'configparams force-mem-access 1' command is executed.
10:54:58 INFO  : Context for 'APU' is selected.
10:54:58 INFO  : 'stop' command is executed.
10:54:59 INFO  : 'ps7_init' command is executed.
10:54:59 INFO  : 'ps7_post_config' command is executed.
10:54:59 INFO  : Context for processor 'ps7_cortexa9_0' is selected.
10:54:59 INFO  : Processor reset is completed for 'ps7_cortexa9_0'.
10:54:59 INFO  : Context for processor 'ps7_cortexa9_0' is selected.
10:54:59 INFO  : The application 'C:/Users/tyqca/OneDrive/School/Labs/1195_Labs/Lab_3/Lab_3.sdk/Multiplier_unit_TB/Debug/Multiplier_unit_TB.elf' is downloaded to processor 'ps7_cortexa9_0'.
10:54:59 INFO  : 'configparams force-mem-access 0' command is executed.
10:54:59 INFO  : ----------------XSDB Script----------------
connect -url tcp:127.0.0.1:3121
source C:/Users/tyqca/OneDrive/School/Labs/1195_Labs/Lab_3/Lab_3.sdk/lab_3_wrapper_hw_platform_0/ps7_init.tcl
targets -set -filter {jtag_cable_name =~ "Xilinx PYNQ-Z1 003017AEE2AEA" && level==0} -index 1
fpga -file C:/Users/tyqca/OneDrive/School/Labs/1195_Labs/Lab_3/Lab_3.sdk/lab_3_wrapper_hw_platform_0/lab_3_wrapper.bit
targets -set -nocase -filter {name =~"APU*" && jtag_cable_name =~ "Xilinx PYNQ-Z1 003017AEE2AEA"} -index 0
loadhw -hw C:/Users/tyqca/OneDrive/School/Labs/1195_Labs/Lab_3/Lab_3.sdk/lab_3_wrapper_hw_platform_0/system.hdf -mem-ranges [list {0x40000000 0xbfffffff}]
configparams force-mem-access 1
targets -set -nocase -filter {name =~"APU*" && jtag_cable_name =~ "Xilinx PYNQ-Z1 003017AEE2AEA"} -index 0
stop
ps7_init
ps7_post_config
targets -set -nocase -filter {name =~ "ARM*#0" && jtag_cable_name =~ "Xilinx PYNQ-Z1 003017AEE2AEA"} -index 0
rst -processor
targets -set -nocase -filter {name =~ "ARM*#0" && jtag_cable_name =~ "Xilinx PYNQ-Z1 003017AEE2AEA"} -index 0
dow C:/Users/tyqca/OneDrive/School/Labs/1195_Labs/Lab_3/Lab_3.sdk/Multiplier_unit_TB/Debug/Multiplier_unit_TB.elf
configparams force-mem-access 0
----------------End of Script----------------

10:54:59 INFO  : Memory regions updated for context APU
10:54:59 INFO  : Context for processor 'ps7_cortexa9_0' is selected.
10:54:59 INFO  : 'con' command is executed.
10:54:59 INFO  : ----------------XSDB Script (After Launch)----------------
targets -set -nocase -filter {name =~ "ARM*#0" && jtag_cable_name =~ "Xilinx PYNQ-Z1 003017AEE2AEA"} -index 0
con
----------------End of Script----------------

10:54:59 INFO  : Launch script is exported to file 'C:\Users\tyqca\OneDrive\School\Labs\1195_Labs\Lab_3\Lab_3.sdk\.sdk\launch_scripts\xilinx_c-c++_application_(system_debugger)\system_debugger_using_debug_multiplier_unit_tb.elf_on_local.tcl'
10:57:17 INFO  : Disconnected from the channel tcfchan#3.
10:57:41 INFO  : Connected to target on host '127.0.0.1' and port '3121'.
10:57:41 INFO  : Jtag cable 'Xilinx PYNQ-Z1 003017AEE2AEA' is selected.
10:57:41 INFO  : 'jtag frequency' command is executed.
10:57:41 INFO  : Sourcing of 'C:/Users/tyqca/OneDrive/School/Labs/1195_Labs/Lab_3/Lab_3.sdk/lab_3_wrapper_hw_platform_0/ps7_init.tcl' is done.
10:57:41 INFO  : 'targets -set -filter {jtag_cable_name =~ "Xilinx PYNQ-Z1 003017AEE2AEA" && level==0} -index 1' command is executed.
10:57:44 INFO  : FPGA configured successfully with bitstream "C:/Users/tyqca/OneDrive/School/Labs/1195_Labs/Lab_3/Lab_3.sdk/lab_3_wrapper_hw_platform_0/lab_3_wrapper.bit"
10:57:44 INFO  : Context for 'APU' is selected.
10:57:45 INFO  : Hardware design information is loaded from 'C:/Users/tyqca/OneDrive/School/Labs/1195_Labs/Lab_3/Lab_3.sdk/lab_3_wrapper_hw_platform_0/system.hdf'.
10:57:45 INFO  : 'configparams force-mem-access 1' command is executed.
10:57:45 INFO  : Context for 'APU' is selected.
10:57:45 INFO  : 'stop' command is executed.
10:57:46 INFO  : 'ps7_init' command is executed.
10:57:46 INFO  : 'ps7_post_config' command is executed.
10:57:46 INFO  : Context for processor 'ps7_cortexa9_0' is selected.
10:57:46 INFO  : Processor reset is completed for 'ps7_cortexa9_0'.
10:57:46 INFO  : Context for processor 'ps7_cortexa9_0' is selected.
10:57:47 INFO  : The application 'C:/Users/tyqca/OneDrive/School/Labs/1195_Labs/Lab_3/Lab_3.sdk/Multiplier_unit_TB/Debug/Multiplier_unit_TB.elf' is downloaded to processor 'ps7_cortexa9_0'.
10:57:47 INFO  : 'configparams force-mem-access 0' command is executed.
10:57:47 INFO  : ----------------XSDB Script----------------
connect -url tcp:127.0.0.1:3121
source C:/Users/tyqca/OneDrive/School/Labs/1195_Labs/Lab_3/Lab_3.sdk/lab_3_wrapper_hw_platform_0/ps7_init.tcl
targets -set -filter {jtag_cable_name =~ "Xilinx PYNQ-Z1 003017AEE2AEA" && level==0} -index 1
fpga -file C:/Users/tyqca/OneDrive/School/Labs/1195_Labs/Lab_3/Lab_3.sdk/lab_3_wrapper_hw_platform_0/lab_3_wrapper.bit
targets -set -nocase -filter {name =~"APU*" && jtag_cable_name =~ "Xilinx PYNQ-Z1 003017AEE2AEA"} -index 0
loadhw -hw C:/Users/tyqca/OneDrive/School/Labs/1195_Labs/Lab_3/Lab_3.sdk/lab_3_wrapper_hw_platform_0/system.hdf -mem-ranges [list {0x40000000 0xbfffffff}]
configparams force-mem-access 1
targets -set -nocase -filter {name =~"APU*" && jtag_cable_name =~ "Xilinx PYNQ-Z1 003017AEE2AEA"} -index 0
stop
ps7_init
ps7_post_config
targets -set -nocase -filter {name =~ "ARM*#0" && jtag_cable_name =~ "Xilinx PYNQ-Z1 003017AEE2AEA"} -index 0
rst -processor
targets -set -nocase -filter {name =~ "ARM*#0" && jtag_cable_name =~ "Xilinx PYNQ-Z1 003017AEE2AEA"} -index 0
dow C:/Users/tyqca/OneDrive/School/Labs/1195_Labs/Lab_3/Lab_3.sdk/Multiplier_unit_TB/Debug/Multiplier_unit_TB.elf
configparams force-mem-access 0
----------------End of Script----------------

10:57:47 INFO  : Memory regions updated for context APU
10:57:47 INFO  : Context for processor 'ps7_cortexa9_0' is selected.
10:57:47 INFO  : 'con' command is executed.
10:57:47 INFO  : ----------------XSDB Script (After Launch)----------------
targets -set -nocase -filter {name =~ "ARM*#0" && jtag_cable_name =~ "Xilinx PYNQ-Z1 003017AEE2AEA"} -index 0
con
----------------End of Script----------------

10:57:47 INFO  : Launch script is exported to file 'C:\Users\tyqca\OneDrive\School\Labs\1195_Labs\Lab_3\Lab_3.sdk\.sdk\launch_scripts\xilinx_c-c++_application_(system_debugger)\system_debugger_using_debug_multiplier_unit_tb.elf_on_local.tcl'
11:03:13 INFO  : Disconnected from the channel tcfchan#4.
11:03:14 INFO  : Connected to target on host '127.0.0.1' and port '3121'.
11:03:14 INFO  : Jtag cable 'Xilinx PYNQ-Z1 003017AEE2AEA' is selected.
11:03:14 INFO  : 'jtag frequency' command is executed.
11:03:14 INFO  : Sourcing of 'C:/Users/tyqca/OneDrive/School/Labs/1195_Labs/Lab_3/Lab_3.sdk/lab_3_wrapper_hw_platform_0/ps7_init.tcl' is done.
11:03:14 INFO  : 'targets -set -filter {jtag_cable_name =~ "Xilinx PYNQ-Z1 003017AEE2AEA" && level==0} -index 1' command is executed.
11:03:16 INFO  : FPGA configured successfully with bitstream "C:/Users/tyqca/OneDrive/School/Labs/1195_Labs/Lab_3/Lab_3.sdk/lab_3_wrapper_hw_platform_0/lab_3_wrapper.bit"
11:03:16 INFO  : Context for 'APU' is selected.
11:03:18 INFO  : Hardware design information is loaded from 'C:/Users/tyqca/OneDrive/School/Labs/1195_Labs/Lab_3/Lab_3.sdk/lab_3_wrapper_hw_platform_0/system.hdf'.
11:03:18 INFO  : 'configparams force-mem-access 1' command is executed.
11:03:18 INFO  : Context for 'APU' is selected.
11:03:18 INFO  : 'stop' command is executed.
11:03:18 INFO  : 'ps7_init' command is executed.
11:03:18 INFO  : 'ps7_post_config' command is executed.
11:03:18 INFO  : Context for processor 'ps7_cortexa9_0' is selected.
11:03:19 INFO  : Processor reset is completed for 'ps7_cortexa9_0'.
11:03:19 INFO  : Context for processor 'ps7_cortexa9_0' is selected.
11:03:19 INFO  : The application 'C:/Users/tyqca/OneDrive/School/Labs/1195_Labs/Lab_3/Lab_3.sdk/Multiplier_unit_TB/Debug/Multiplier_unit_TB.elf' is downloaded to processor 'ps7_cortexa9_0'.
11:03:19 INFO  : 'configparams force-mem-access 0' command is executed.
11:03:19 INFO  : ----------------XSDB Script----------------
connect -url tcp:127.0.0.1:3121
source C:/Users/tyqca/OneDrive/School/Labs/1195_Labs/Lab_3/Lab_3.sdk/lab_3_wrapper_hw_platform_0/ps7_init.tcl
targets -set -filter {jtag_cable_name =~ "Xilinx PYNQ-Z1 003017AEE2AEA" && level==0} -index 1
fpga -file C:/Users/tyqca/OneDrive/School/Labs/1195_Labs/Lab_3/Lab_3.sdk/lab_3_wrapper_hw_platform_0/lab_3_wrapper.bit
targets -set -nocase -filter {name =~"APU*" && jtag_cable_name =~ "Xilinx PYNQ-Z1 003017AEE2AEA"} -index 0
loadhw -hw C:/Users/tyqca/OneDrive/School/Labs/1195_Labs/Lab_3/Lab_3.sdk/lab_3_wrapper_hw_platform_0/system.hdf -mem-ranges [list {0x40000000 0xbfffffff}]
configparams force-mem-access 1
targets -set -nocase -filter {name =~"APU*" && jtag_cable_name =~ "Xilinx PYNQ-Z1 003017AEE2AEA"} -index 0
stop
ps7_init
ps7_post_config
targets -set -nocase -filter {name =~ "ARM*#0" && jtag_cable_name =~ "Xilinx PYNQ-Z1 003017AEE2AEA"} -index 0
rst -processor
targets -set -nocase -filter {name =~ "ARM*#0" && jtag_cable_name =~ "Xilinx PYNQ-Z1 003017AEE2AEA"} -index 0
dow C:/Users/tyqca/OneDrive/School/Labs/1195_Labs/Lab_3/Lab_3.sdk/Multiplier_unit_TB/Debug/Multiplier_unit_TB.elf
configparams force-mem-access 0
----------------End of Script----------------

11:03:19 INFO  : Memory regions updated for context APU
11:03:19 INFO  : Context for processor 'ps7_cortexa9_0' is selected.
11:03:19 INFO  : 'con' command is executed.
11:03:19 INFO  : ----------------XSDB Script (After Launch)----------------
targets -set -nocase -filter {name =~ "ARM*#0" && jtag_cable_name =~ "Xilinx PYNQ-Z1 003017AEE2AEA"} -index 0
con
----------------End of Script----------------

11:03:19 INFO  : Launch script is exported to file 'C:\Users\tyqca\OneDrive\School\Labs\1195_Labs\Lab_3\Lab_3.sdk\.sdk\launch_scripts\xilinx_c-c++_application_(system_debugger)\system_debugger_using_debug_multiplier_unit_tb.elf_on_local.tcl'
11:04:10 INFO  : Disconnected from the channel tcfchan#5.
11:04:11 INFO  : Connected to target on host '127.0.0.1' and port '3121'.
11:04:12 INFO  : Jtag cable 'Xilinx PYNQ-Z1 003017AEE2AEA' is selected.
11:04:12 INFO  : 'jtag frequency' command is executed.
11:04:12 INFO  : Sourcing of 'C:/Users/tyqca/OneDrive/School/Labs/1195_Labs/Lab_3/Lab_3.sdk/lab_3_wrapper_hw_platform_0/ps7_init.tcl' is done.
11:04:12 INFO  : 'targets -set -filter {jtag_cable_name =~ "Xilinx PYNQ-Z1 003017AEE2AEA" && level==0} -index 1' command is executed.
11:04:14 INFO  : FPGA configured successfully with bitstream "C:/Users/tyqca/OneDrive/School/Labs/1195_Labs/Lab_3/Lab_3.sdk/lab_3_wrapper_hw_platform_0/lab_3_wrapper.bit"
11:04:14 INFO  : Context for 'APU' is selected.
11:04:15 INFO  : Hardware design information is loaded from 'C:/Users/tyqca/OneDrive/School/Labs/1195_Labs/Lab_3/Lab_3.sdk/lab_3_wrapper_hw_platform_0/system.hdf'.
11:04:15 INFO  : 'configparams force-mem-access 1' command is executed.
11:04:15 INFO  : Context for 'APU' is selected.
11:04:16 INFO  : 'stop' command is executed.
11:04:16 INFO  : 'ps7_init' command is executed.
11:04:16 INFO  : 'ps7_post_config' command is executed.
11:04:16 INFO  : Context for processor 'ps7_cortexa9_0' is selected.
11:04:16 INFO  : Processor reset is completed for 'ps7_cortexa9_0'.
11:04:17 INFO  : Context for processor 'ps7_cortexa9_0' is selected.
11:04:17 INFO  : The application 'C:/Users/tyqca/OneDrive/School/Labs/1195_Labs/Lab_3/Lab_3.sdk/Multiplier_unit_TB/Debug/Multiplier_unit_TB.elf' is downloaded to processor 'ps7_cortexa9_0'.
11:04:17 INFO  : 'configparams force-mem-access 0' command is executed.
11:04:17 INFO  : ----------------XSDB Script----------------
connect -url tcp:127.0.0.1:3121
source C:/Users/tyqca/OneDrive/School/Labs/1195_Labs/Lab_3/Lab_3.sdk/lab_3_wrapper_hw_platform_0/ps7_init.tcl
targets -set -filter {jtag_cable_name =~ "Xilinx PYNQ-Z1 003017AEE2AEA" && level==0} -index 1
fpga -file C:/Users/tyqca/OneDrive/School/Labs/1195_Labs/Lab_3/Lab_3.sdk/lab_3_wrapper_hw_platform_0/lab_3_wrapper.bit
targets -set -nocase -filter {name =~"APU*" && jtag_cable_name =~ "Xilinx PYNQ-Z1 003017AEE2AEA"} -index 0
loadhw -hw C:/Users/tyqca/OneDrive/School/Labs/1195_Labs/Lab_3/Lab_3.sdk/lab_3_wrapper_hw_platform_0/system.hdf -mem-ranges [list {0x40000000 0xbfffffff}]
configparams force-mem-access 1
targets -set -nocase -filter {name =~"APU*" && jtag_cable_name =~ "Xilinx PYNQ-Z1 003017AEE2AEA"} -index 0
stop
ps7_init
ps7_post_config
targets -set -nocase -filter {name =~ "ARM*#0" && jtag_cable_name =~ "Xilinx PYNQ-Z1 003017AEE2AEA"} -index 0
rst -processor
targets -set -nocase -filter {name =~ "ARM*#0" && jtag_cable_name =~ "Xilinx PYNQ-Z1 003017AEE2AEA"} -index 0
dow C:/Users/tyqca/OneDrive/School/Labs/1195_Labs/Lab_3/Lab_3.sdk/Multiplier_unit_TB/Debug/Multiplier_unit_TB.elf
configparams force-mem-access 0
----------------End of Script----------------

11:04:17 INFO  : Memory regions updated for context APU
11:04:17 INFO  : Context for processor 'ps7_cortexa9_0' is selected.
11:04:17 INFO  : 'con' command is executed.
11:04:17 INFO  : ----------------XSDB Script (After Launch)----------------
targets -set -nocase -filter {name =~ "ARM*#0" && jtag_cable_name =~ "Xilinx PYNQ-Z1 003017AEE2AEA"} -index 0
con
----------------End of Script----------------

11:04:17 INFO  : Launch script is exported to file 'C:\Users\tyqca\OneDrive\School\Labs\1195_Labs\Lab_3\Lab_3.sdk\.sdk\launch_scripts\xilinx_c-c++_application_(system_debugger)\system_debugger_using_debug_multiplier_unit_tb.elf_on_local.tcl'
11:05:27 INFO  : Disconnected from the channel tcfchan#6.
11:05:28 INFO  : Connected to target on host '127.0.0.1' and port '3121'.
11:05:28 INFO  : Jtag cable 'Xilinx PYNQ-Z1 003017AEE2AEA' is selected.
11:05:28 INFO  : 'jtag frequency' command is executed.
11:05:28 INFO  : Sourcing of 'C:/Users/tyqca/OneDrive/School/Labs/1195_Labs/Lab_3/Lab_3.sdk/lab_3_wrapper_hw_platform_0/ps7_init.tcl' is done.
11:05:28 INFO  : 'targets -set -filter {jtag_cable_name =~ "Xilinx PYNQ-Z1 003017AEE2AEA" && level==0} -index 1' command is executed.
11:05:31 INFO  : FPGA configured successfully with bitstream "C:/Users/tyqca/OneDrive/School/Labs/1195_Labs/Lab_3/Lab_3.sdk/lab_3_wrapper_hw_platform_0/lab_3_wrapper.bit"
11:05:31 INFO  : Context for 'APU' is selected.
11:05:32 INFO  : Hardware design information is loaded from 'C:/Users/tyqca/OneDrive/School/Labs/1195_Labs/Lab_3/Lab_3.sdk/lab_3_wrapper_hw_platform_0/system.hdf'.
11:05:32 INFO  : 'configparams force-mem-access 1' command is executed.
11:05:32 INFO  : Context for 'APU' is selected.
11:05:32 INFO  : 'stop' command is executed.
11:05:33 INFO  : 'ps7_init' command is executed.
11:05:33 INFO  : 'ps7_post_config' command is executed.
11:05:33 INFO  : Context for processor 'ps7_cortexa9_0' is selected.
11:05:33 INFO  : Processor reset is completed for 'ps7_cortexa9_0'.
11:05:33 INFO  : Context for processor 'ps7_cortexa9_0' is selected.
11:05:33 INFO  : The application 'C:/Users/tyqca/OneDrive/School/Labs/1195_Labs/Lab_3/Lab_3.sdk/Multiplier_unit_TB/Debug/Multiplier_unit_TB.elf' is downloaded to processor 'ps7_cortexa9_0'.
11:05:33 INFO  : 'configparams force-mem-access 0' command is executed.
11:05:33 INFO  : ----------------XSDB Script----------------
connect -url tcp:127.0.0.1:3121
source C:/Users/tyqca/OneDrive/School/Labs/1195_Labs/Lab_3/Lab_3.sdk/lab_3_wrapper_hw_platform_0/ps7_init.tcl
targets -set -filter {jtag_cable_name =~ "Xilinx PYNQ-Z1 003017AEE2AEA" && level==0} -index 1
fpga -file C:/Users/tyqca/OneDrive/School/Labs/1195_Labs/Lab_3/Lab_3.sdk/lab_3_wrapper_hw_platform_0/lab_3_wrapper.bit
targets -set -nocase -filter {name =~"APU*" && jtag_cable_name =~ "Xilinx PYNQ-Z1 003017AEE2AEA"} -index 0
loadhw -hw C:/Users/tyqca/OneDrive/School/Labs/1195_Labs/Lab_3/Lab_3.sdk/lab_3_wrapper_hw_platform_0/system.hdf -mem-ranges [list {0x40000000 0xbfffffff}]
configparams force-mem-access 1
targets -set -nocase -filter {name =~"APU*" && jtag_cable_name =~ "Xilinx PYNQ-Z1 003017AEE2AEA"} -index 0
stop
ps7_init
ps7_post_config
targets -set -nocase -filter {name =~ "ARM*#0" && jtag_cable_name =~ "Xilinx PYNQ-Z1 003017AEE2AEA"} -index 0
rst -processor
targets -set -nocase -filter {name =~ "ARM*#0" && jtag_cable_name =~ "Xilinx PYNQ-Z1 003017AEE2AEA"} -index 0
dow C:/Users/tyqca/OneDrive/School/Labs/1195_Labs/Lab_3/Lab_3.sdk/Multiplier_unit_TB/Debug/Multiplier_unit_TB.elf
configparams force-mem-access 0
----------------End of Script----------------

11:05:33 INFO  : Memory regions updated for context APU
11:05:33 INFO  : Context for processor 'ps7_cortexa9_0' is selected.
11:05:33 INFO  : 'con' command is executed.
11:05:33 INFO  : ----------------XSDB Script (After Launch)----------------
targets -set -nocase -filter {name =~ "ARM*#0" && jtag_cable_name =~ "Xilinx PYNQ-Z1 003017AEE2AEA"} -index 0
con
----------------End of Script----------------

11:05:33 INFO  : Launch script is exported to file 'C:\Users\tyqca\OneDrive\School\Labs\1195_Labs\Lab_3\Lab_3.sdk\.sdk\launch_scripts\xilinx_c-c++_application_(system_debugger)\system_debugger_using_debug_multiplier_unit_tb.elf_on_local.tcl'
11:06:10 INFO  : Disconnected from the channel tcfchan#7.
11:06:11 INFO  : Connected to target on host '127.0.0.1' and port '3121'.
11:06:11 INFO  : Jtag cable 'Xilinx PYNQ-Z1 003017AEE2AEA' is selected.
11:06:11 INFO  : 'jtag frequency' command is executed.
11:06:11 INFO  : Sourcing of 'C:/Users/tyqca/OneDrive/School/Labs/1195_Labs/Lab_3/Lab_3.sdk/lab_3_wrapper_hw_platform_0/ps7_init.tcl' is done.
11:06:11 INFO  : 'targets -set -filter {jtag_cable_name =~ "Xilinx PYNQ-Z1 003017AEE2AEA" && level==0} -index 1' command is executed.
11:06:14 INFO  : FPGA configured successfully with bitstream "C:/Users/tyqca/OneDrive/School/Labs/1195_Labs/Lab_3/Lab_3.sdk/lab_3_wrapper_hw_platform_0/lab_3_wrapper.bit"
11:06:14 INFO  : Context for 'APU' is selected.
11:06:15 INFO  : Hardware design information is loaded from 'C:/Users/tyqca/OneDrive/School/Labs/1195_Labs/Lab_3/Lab_3.sdk/lab_3_wrapper_hw_platform_0/system.hdf'.
11:06:15 INFO  : 'configparams force-mem-access 1' command is executed.
11:06:15 INFO  : Context for 'APU' is selected.
11:06:15 INFO  : 'stop' command is executed.
11:06:16 INFO  : 'ps7_init' command is executed.
11:06:16 INFO  : 'ps7_post_config' command is executed.
11:06:16 INFO  : Context for processor 'ps7_cortexa9_0' is selected.
11:06:16 INFO  : Processor reset is completed for 'ps7_cortexa9_0'.
11:06:16 INFO  : Context for processor 'ps7_cortexa9_0' is selected.
11:06:17 INFO  : The application 'C:/Users/tyqca/OneDrive/School/Labs/1195_Labs/Lab_3/Lab_3.sdk/Multiplier_unit_TB/Debug/Multiplier_unit_TB.elf' is downloaded to processor 'ps7_cortexa9_0'.
11:06:17 INFO  : 'configparams force-mem-access 0' command is executed.
11:06:17 INFO  : ----------------XSDB Script----------------
connect -url tcp:127.0.0.1:3121
source C:/Users/tyqca/OneDrive/School/Labs/1195_Labs/Lab_3/Lab_3.sdk/lab_3_wrapper_hw_platform_0/ps7_init.tcl
targets -set -filter {jtag_cable_name =~ "Xilinx PYNQ-Z1 003017AEE2AEA" && level==0} -index 1
fpga -file C:/Users/tyqca/OneDrive/School/Labs/1195_Labs/Lab_3/Lab_3.sdk/lab_3_wrapper_hw_platform_0/lab_3_wrapper.bit
targets -set -nocase -filter {name =~"APU*" && jtag_cable_name =~ "Xilinx PYNQ-Z1 003017AEE2AEA"} -index 0
loadhw -hw C:/Users/tyqca/OneDrive/School/Labs/1195_Labs/Lab_3/Lab_3.sdk/lab_3_wrapper_hw_platform_0/system.hdf -mem-ranges [list {0x40000000 0xbfffffff}]
configparams force-mem-access 1
targets -set -nocase -filter {name =~"APU*" && jtag_cable_name =~ "Xilinx PYNQ-Z1 003017AEE2AEA"} -index 0
stop
ps7_init
ps7_post_config
targets -set -nocase -filter {name =~ "ARM*#0" && jtag_cable_name =~ "Xilinx PYNQ-Z1 003017AEE2AEA"} -index 0
rst -processor
targets -set -nocase -filter {name =~ "ARM*#0" && jtag_cable_name =~ "Xilinx PYNQ-Z1 003017AEE2AEA"} -index 0
dow C:/Users/tyqca/OneDrive/School/Labs/1195_Labs/Lab_3/Lab_3.sdk/Multiplier_unit_TB/Debug/Multiplier_unit_TB.elf
configparams force-mem-access 0
----------------End of Script----------------

11:06:17 INFO  : Memory regions updated for context APU
11:06:17 INFO  : Context for processor 'ps7_cortexa9_0' is selected.
11:06:17 INFO  : 'con' command is executed.
11:06:17 INFO  : ----------------XSDB Script (After Launch)----------------
targets -set -nocase -filter {name =~ "ARM*#0" && jtag_cable_name =~ "Xilinx PYNQ-Z1 003017AEE2AEA"} -index 0
con
----------------End of Script----------------

11:06:17 INFO  : Launch script is exported to file 'C:\Users\tyqca\OneDrive\School\Labs\1195_Labs\Lab_3\Lab_3.sdk\.sdk\launch_scripts\xilinx_c-c++_application_(system_debugger)\system_debugger_using_debug_multiplier_unit_tb.elf_on_local.tcl'
11:06:35 INFO  : Disconnected from the channel tcfchan#8.
11:06:36 INFO  : Connected to target on host '127.0.0.1' and port '3121'.
11:06:36 INFO  : Jtag cable 'Xilinx PYNQ-Z1 003017AEE2AEA' is selected.
11:06:36 INFO  : 'jtag frequency' command is executed.
11:06:36 INFO  : Sourcing of 'C:/Users/tyqca/OneDrive/School/Labs/1195_Labs/Lab_3/Lab_3.sdk/lab_3_wrapper_hw_platform_0/ps7_init.tcl' is done.
11:06:36 INFO  : 'targets -set -filter {jtag_cable_name =~ "Xilinx PYNQ-Z1 003017AEE2AEA" && level==0} -index 1' command is executed.
11:06:38 INFO  : FPGA configured successfully with bitstream "C:/Users/tyqca/OneDrive/School/Labs/1195_Labs/Lab_3/Lab_3.sdk/lab_3_wrapper_hw_platform_0/lab_3_wrapper.bit"
11:06:38 INFO  : Context for 'APU' is selected.
11:06:39 INFO  : Hardware design information is loaded from 'C:/Users/tyqca/OneDrive/School/Labs/1195_Labs/Lab_3/Lab_3.sdk/lab_3_wrapper_hw_platform_0/system.hdf'.
11:06:39 INFO  : 'configparams force-mem-access 1' command is executed.
11:06:39 INFO  : Context for 'APU' is selected.
11:06:40 INFO  : 'stop' command is executed.
11:06:41 INFO  : 'ps7_init' command is executed.
11:06:41 INFO  : 'ps7_post_config' command is executed.
11:06:41 INFO  : Context for processor 'ps7_cortexa9_0' is selected.
11:06:41 INFO  : Processor reset is completed for 'ps7_cortexa9_0'.
11:06:41 INFO  : Context for processor 'ps7_cortexa9_0' is selected.
11:06:41 INFO  : The application 'C:/Users/tyqca/OneDrive/School/Labs/1195_Labs/Lab_3/Lab_3.sdk/Multiplier_unit_TB/Debug/Multiplier_unit_TB.elf' is downloaded to processor 'ps7_cortexa9_0'.
11:06:41 INFO  : 'configparams force-mem-access 0' command is executed.
11:06:41 INFO  : ----------------XSDB Script----------------
connect -url tcp:127.0.0.1:3121
source C:/Users/tyqca/OneDrive/School/Labs/1195_Labs/Lab_3/Lab_3.sdk/lab_3_wrapper_hw_platform_0/ps7_init.tcl
targets -set -filter {jtag_cable_name =~ "Xilinx PYNQ-Z1 003017AEE2AEA" && level==0} -index 1
fpga -file C:/Users/tyqca/OneDrive/School/Labs/1195_Labs/Lab_3/Lab_3.sdk/lab_3_wrapper_hw_platform_0/lab_3_wrapper.bit
targets -set -nocase -filter {name =~"APU*" && jtag_cable_name =~ "Xilinx PYNQ-Z1 003017AEE2AEA"} -index 0
loadhw -hw C:/Users/tyqca/OneDrive/School/Labs/1195_Labs/Lab_3/Lab_3.sdk/lab_3_wrapper_hw_platform_0/system.hdf -mem-ranges [list {0x40000000 0xbfffffff}]
configparams force-mem-access 1
targets -set -nocase -filter {name =~"APU*" && jtag_cable_name =~ "Xilinx PYNQ-Z1 003017AEE2AEA"} -index 0
stop
ps7_init
ps7_post_config
targets -set -nocase -filter {name =~ "ARM*#0" && jtag_cable_name =~ "Xilinx PYNQ-Z1 003017AEE2AEA"} -index 0
rst -processor
targets -set -nocase -filter {name =~ "ARM*#0" && jtag_cable_name =~ "Xilinx PYNQ-Z1 003017AEE2AEA"} -index 0
dow C:/Users/tyqca/OneDrive/School/Labs/1195_Labs/Lab_3/Lab_3.sdk/Multiplier_unit_TB/Debug/Multiplier_unit_TB.elf
configparams force-mem-access 0
----------------End of Script----------------

11:06:41 INFO  : Memory regions updated for context APU
11:06:41 INFO  : Context for processor 'ps7_cortexa9_0' is selected.
11:06:41 INFO  : 'con' command is executed.
11:06:41 INFO  : ----------------XSDB Script (After Launch)----------------
targets -set -nocase -filter {name =~ "ARM*#0" && jtag_cable_name =~ "Xilinx PYNQ-Z1 003017AEE2AEA"} -index 0
con
----------------End of Script----------------

11:06:41 INFO  : Launch script is exported to file 'C:\Users\tyqca\OneDrive\School\Labs\1195_Labs\Lab_3\Lab_3.sdk\.sdk\launch_scripts\xilinx_c-c++_application_(system_debugger)\system_debugger_using_debug_multiplier_unit_tb.elf_on_local.tcl'
11:08:19 INFO  : Disconnected from the channel tcfchan#9.
11:08:20 INFO  : Connected to target on host '127.0.0.1' and port '3121'.
11:08:20 INFO  : Jtag cable 'Xilinx PYNQ-Z1 003017AEE2AEA' is selected.
11:08:20 INFO  : 'jtag frequency' command is executed.
11:08:20 INFO  : Sourcing of 'C:/Users/tyqca/OneDrive/School/Labs/1195_Labs/Lab_3/Lab_3.sdk/lab_3_wrapper_hw_platform_0/ps7_init.tcl' is done.
11:08:20 INFO  : 'targets -set -filter {jtag_cable_name =~ "Xilinx PYNQ-Z1 003017AEE2AEA" && level==0} -index 1' command is executed.
11:08:22 INFO  : FPGA configured successfully with bitstream "C:/Users/tyqca/OneDrive/School/Labs/1195_Labs/Lab_3/Lab_3.sdk/lab_3_wrapper_hw_platform_0/lab_3_wrapper.bit"
11:08:22 INFO  : Context for 'APU' is selected.
11:08:24 INFO  : Hardware design information is loaded from 'C:/Users/tyqca/OneDrive/School/Labs/1195_Labs/Lab_3/Lab_3.sdk/lab_3_wrapper_hw_platform_0/system.hdf'.
11:08:24 INFO  : 'configparams force-mem-access 1' command is executed.
11:08:24 INFO  : Context for 'APU' is selected.
11:08:24 INFO  : 'stop' command is executed.
11:08:24 INFO  : 'ps7_init' command is executed.
11:08:24 INFO  : 'ps7_post_config' command is executed.
11:08:25 INFO  : Context for processor 'ps7_cortexa9_0' is selected.
11:08:25 INFO  : Processor reset is completed for 'ps7_cortexa9_0'.
11:08:25 INFO  : Context for processor 'ps7_cortexa9_0' is selected.
11:08:25 INFO  : The application 'C:/Users/tyqca/OneDrive/School/Labs/1195_Labs/Lab_3/Lab_3.sdk/Multiplier_unit_TB/Debug/Multiplier_unit_TB.elf' is downloaded to processor 'ps7_cortexa9_0'.
11:08:25 INFO  : 'configparams force-mem-access 0' command is executed.
11:08:25 INFO  : ----------------XSDB Script----------------
connect -url tcp:127.0.0.1:3121
source C:/Users/tyqca/OneDrive/School/Labs/1195_Labs/Lab_3/Lab_3.sdk/lab_3_wrapper_hw_platform_0/ps7_init.tcl
targets -set -filter {jtag_cable_name =~ "Xilinx PYNQ-Z1 003017AEE2AEA" && level==0} -index 1
fpga -file C:/Users/tyqca/OneDrive/School/Labs/1195_Labs/Lab_3/Lab_3.sdk/lab_3_wrapper_hw_platform_0/lab_3_wrapper.bit
targets -set -nocase -filter {name =~"APU*" && jtag_cable_name =~ "Xilinx PYNQ-Z1 003017AEE2AEA"} -index 0
loadhw -hw C:/Users/tyqca/OneDrive/School/Labs/1195_Labs/Lab_3/Lab_3.sdk/lab_3_wrapper_hw_platform_0/system.hdf -mem-ranges [list {0x40000000 0xbfffffff}]
configparams force-mem-access 1
targets -set -nocase -filter {name =~"APU*" && jtag_cable_name =~ "Xilinx PYNQ-Z1 003017AEE2AEA"} -index 0
stop
ps7_init
ps7_post_config
targets -set -nocase -filter {name =~ "ARM*#0" && jtag_cable_name =~ "Xilinx PYNQ-Z1 003017AEE2AEA"} -index 0
rst -processor
targets -set -nocase -filter {name =~ "ARM*#0" && jtag_cable_name =~ "Xilinx PYNQ-Z1 003017AEE2AEA"} -index 0
dow C:/Users/tyqca/OneDrive/School/Labs/1195_Labs/Lab_3/Lab_3.sdk/Multiplier_unit_TB/Debug/Multiplier_unit_TB.elf
configparams force-mem-access 0
----------------End of Script----------------

11:08:25 INFO  : Memory regions updated for context APU
11:08:25 INFO  : Context for processor 'ps7_cortexa9_0' is selected.
11:08:25 INFO  : 'con' command is executed.
11:08:25 INFO  : ----------------XSDB Script (After Launch)----------------
targets -set -nocase -filter {name =~ "ARM*#0" && jtag_cable_name =~ "Xilinx PYNQ-Z1 003017AEE2AEA"} -index 0
con
----------------End of Script----------------

11:08:25 INFO  : Launch script is exported to file 'C:\Users\tyqca\OneDrive\School\Labs\1195_Labs\Lab_3\Lab_3.sdk\.sdk\launch_scripts\xilinx_c-c++_application_(system_debugger)\system_debugger_using_debug_multiplier_unit_tb.elf_on_local.tcl'
12:09:44 INFO  : SDK has detected change in the last modified timestamps for source hardware specification file Source:1697126957708,  Project:1697116893677
12:09:44 INFO  : Project lab_3_wrapper_hw_platform_0's source hardware specification located at C:/Users/tyqca/OneDrive/School/Labs/1195_Labs/Lab_3/Lab_3.sdk/lab_3_wrapper.hdf is now different from the local copy.
		 The local copy will be replaced with the source specification and your workspace will be updated.
12:09:58 INFO  : Copied contents of C:/Users/tyqca/OneDrive/School/Labs/1195_Labs/Lab_3/Lab_3.sdk/lab_3_wrapper.hdf into \lab_3_wrapper_hw_platform_0\system.hdf.
12:10:01 INFO  : Synchronizing projects in the workspace with the hardware platform specification changes.
12:10:03 INFO  : 
12:10:04 INFO  : Updating hardware inferred compiler options for Multiplier_unit_TB.
12:10:04 INFO  : Clearing existing target manager status.
12:10:04 INFO  : Workspace synchronized with the new hardware specification file. Cleaning dependent projects...
12:10:05 WARN  : Linker script will not be updated automatically. Users need to update it manually.
12:10:45 INFO  : Disconnected from the channel tcfchan#10.
12:10:46 INFO  : Connected to target on host '127.0.0.1' and port '3121'.
12:10:46 INFO  : Jtag cable 'Xilinx PYNQ-Z1 003017AEE2AEA' is selected.
12:10:46 INFO  : 'jtag frequency' command is executed.
12:10:46 INFO  : Sourcing of 'C:/Users/tyqca/OneDrive/School/Labs/1195_Labs/Lab_3/Lab_3.sdk/lab_3_wrapper_hw_platform_0/ps7_init.tcl' is done.
12:10:47 INFO  : 'targets -set -filter {jtag_cable_name =~ "Xilinx PYNQ-Z1 003017AEE2AEA" && level==0} -index 1' command is executed.
12:10:49 INFO  : FPGA configured successfully with bitstream "C:/Users/tyqca/OneDrive/School/Labs/1195_Labs/Lab_3/Lab_3.sdk/lab_3_wrapper_hw_platform_0/lab_3_wrapper.bit"
12:10:49 INFO  : Context for 'APU' is selected.
12:10:49 INFO  : Hardware design information is loaded from 'C:/Users/tyqca/OneDrive/School/Labs/1195_Labs/Lab_3/Lab_3.sdk/lab_3_wrapper_hw_platform_0/system.hdf'.
12:10:49 INFO  : 'configparams force-mem-access 1' command is executed.
12:10:49 INFO  : Context for 'APU' is selected.
12:10:49 INFO  : 'stop' command is executed.
12:10:50 INFO  : 'ps7_init' command is executed.
12:10:50 INFO  : 'ps7_post_config' command is executed.
12:10:50 INFO  : Context for processor 'ps7_cortexa9_0' is selected.
12:10:50 INFO  : Processor reset is completed for 'ps7_cortexa9_0'.
12:10:50 INFO  : Context for processor 'ps7_cortexa9_0' is selected.
12:10:50 INFO  : The application 'C:/Users/tyqca/OneDrive/School/Labs/1195_Labs/Lab_3/Lab_3.sdk/Multiplier_unit_TB/Debug/Multiplier_unit_TB.elf' is downloaded to processor 'ps7_cortexa9_0'.
12:10:50 INFO  : 'configparams force-mem-access 0' command is executed.
12:10:50 INFO  : ----------------XSDB Script----------------
connect -url tcp:127.0.0.1:3121
source C:/Users/tyqca/OneDrive/School/Labs/1195_Labs/Lab_3/Lab_3.sdk/lab_3_wrapper_hw_platform_0/ps7_init.tcl
targets -set -filter {jtag_cable_name =~ "Xilinx PYNQ-Z1 003017AEE2AEA" && level==0} -index 1
fpga -file C:/Users/tyqca/OneDrive/School/Labs/1195_Labs/Lab_3/Lab_3.sdk/lab_3_wrapper_hw_platform_0/lab_3_wrapper.bit
targets -set -nocase -filter {name =~"APU*" && jtag_cable_name =~ "Xilinx PYNQ-Z1 003017AEE2AEA"} -index 0
loadhw -hw C:/Users/tyqca/OneDrive/School/Labs/1195_Labs/Lab_3/Lab_3.sdk/lab_3_wrapper_hw_platform_0/system.hdf -mem-ranges [list {0x40000000 0xbfffffff}]
configparams force-mem-access 1
targets -set -nocase -filter {name =~"APU*" && jtag_cable_name =~ "Xilinx PYNQ-Z1 003017AEE2AEA"} -index 0
stop
ps7_init
ps7_post_config
targets -set -nocase -filter {name =~ "ARM*#0" && jtag_cable_name =~ "Xilinx PYNQ-Z1 003017AEE2AEA"} -index 0
rst -processor
targets -set -nocase -filter {name =~ "ARM*#0" && jtag_cable_name =~ "Xilinx PYNQ-Z1 003017AEE2AEA"} -index 0
dow C:/Users/tyqca/OneDrive/School/Labs/1195_Labs/Lab_3/Lab_3.sdk/Multiplier_unit_TB/Debug/Multiplier_unit_TB.elf
configparams force-mem-access 0
----------------End of Script----------------

12:10:50 INFO  : Memory regions updated for context APU
12:10:51 INFO  : Context for processor 'ps7_cortexa9_0' is selected.
12:10:51 INFO  : 'con' command is executed.
12:10:51 INFO  : ----------------XSDB Script (After Launch)----------------
targets -set -nocase -filter {name =~ "ARM*#0" && jtag_cable_name =~ "Xilinx PYNQ-Z1 003017AEE2AEA"} -index 0
con
----------------End of Script----------------

12:10:51 INFO  : Launch script is exported to file 'C:\Users\tyqca\OneDrive\School\Labs\1195_Labs\Lab_3\Lab_3.sdk\.sdk\launch_scripts\xilinx_c-c++_application_(system_debugger)\system_debugger_using_debug_multiplier_unit_tb.elf_on_local.tcl'
12:11:31 INFO  : Disconnected from the channel tcfchan#11.
12:11:32 INFO  : Connected to target on host '127.0.0.1' and port '3121'.
12:11:33 INFO  : Jtag cable 'Xilinx PYNQ-Z1 003017AEE2AEA' is selected.
12:11:33 INFO  : 'jtag frequency' command is executed.
12:11:33 INFO  : Sourcing of 'C:/Users/tyqca/OneDrive/School/Labs/1195_Labs/Lab_3/Lab_3.sdk/lab_3_wrapper_hw_platform_0/ps7_init.tcl' is done.
12:11:33 INFO  : 'targets -set -filter {jtag_cable_name =~ "Xilinx PYNQ-Z1 003017AEE2AEA" && level==0} -index 1' command is executed.
12:11:35 INFO  : FPGA configured successfully with bitstream "C:/Users/tyqca/OneDrive/School/Labs/1195_Labs/Lab_3/Lab_3.sdk/lab_3_wrapper_hw_platform_0/lab_3_wrapper.bit"
12:11:35 INFO  : Context for 'APU' is selected.
12:11:36 INFO  : Hardware design information is loaded from 'C:/Users/tyqca/OneDrive/School/Labs/1195_Labs/Lab_3/Lab_3.sdk/lab_3_wrapper_hw_platform_0/system.hdf'.
12:11:36 INFO  : 'configparams force-mem-access 1' command is executed.
12:11:36 INFO  : Context for 'APU' is selected.
12:11:36 INFO  : 'stop' command is executed.
12:11:37 INFO  : 'ps7_init' command is executed.
12:11:37 INFO  : 'ps7_post_config' command is executed.
12:11:37 INFO  : Context for processor 'ps7_cortexa9_0' is selected.
12:11:37 INFO  : Processor reset is completed for 'ps7_cortexa9_0'.
12:11:37 INFO  : Context for processor 'ps7_cortexa9_0' is selected.
12:11:38 INFO  : The application 'C:/Users/tyqca/OneDrive/School/Labs/1195_Labs/Lab_3/Lab_3.sdk/Multiplier_unit_TB/Debug/Multiplier_unit_TB.elf' is downloaded to processor 'ps7_cortexa9_0'.
12:11:38 INFO  : 'configparams force-mem-access 0' command is executed.
12:11:38 INFO  : ----------------XSDB Script----------------
connect -url tcp:127.0.0.1:3121
source C:/Users/tyqca/OneDrive/School/Labs/1195_Labs/Lab_3/Lab_3.sdk/lab_3_wrapper_hw_platform_0/ps7_init.tcl
targets -set -filter {jtag_cable_name =~ "Xilinx PYNQ-Z1 003017AEE2AEA" && level==0} -index 1
fpga -file C:/Users/tyqca/OneDrive/School/Labs/1195_Labs/Lab_3/Lab_3.sdk/lab_3_wrapper_hw_platform_0/lab_3_wrapper.bit
targets -set -nocase -filter {name =~"APU*" && jtag_cable_name =~ "Xilinx PYNQ-Z1 003017AEE2AEA"} -index 0
loadhw -hw C:/Users/tyqca/OneDrive/School/Labs/1195_Labs/Lab_3/Lab_3.sdk/lab_3_wrapper_hw_platform_0/system.hdf -mem-ranges [list {0x40000000 0xbfffffff}]
configparams force-mem-access 1
targets -set -nocase -filter {name =~"APU*" && jtag_cable_name =~ "Xilinx PYNQ-Z1 003017AEE2AEA"} -index 0
stop
ps7_init
ps7_post_config
targets -set -nocase -filter {name =~ "ARM*#0" && jtag_cable_name =~ "Xilinx PYNQ-Z1 003017AEE2AEA"} -index 0
rst -processor
targets -set -nocase -filter {name =~ "ARM*#0" && jtag_cable_name =~ "Xilinx PYNQ-Z1 003017AEE2AEA"} -index 0
dow C:/Users/tyqca/OneDrive/School/Labs/1195_Labs/Lab_3/Lab_3.sdk/Multiplier_unit_TB/Debug/Multiplier_unit_TB.elf
configparams force-mem-access 0
----------------End of Script----------------

12:11:38 INFO  : Memory regions updated for context APU
12:11:38 INFO  : Context for processor 'ps7_cortexa9_0' is selected.
12:11:38 INFO  : 'con' command is executed.
12:11:38 INFO  : ----------------XSDB Script (After Launch)----------------
targets -set -nocase -filter {name =~ "ARM*#0" && jtag_cable_name =~ "Xilinx PYNQ-Z1 003017AEE2AEA"} -index 0
con
----------------End of Script----------------

12:11:38 INFO  : Launch script is exported to file 'C:\Users\tyqca\OneDrive\School\Labs\1195_Labs\Lab_3\Lab_3.sdk\.sdk\launch_scripts\xilinx_c-c++_application_(system_debugger)\system_debugger_using_debug_multiplier_unit_tb.elf_on_local.tcl'
12:22:37 INFO  : SDK has detected change in the last modified timestamps for source hardware specification file Source:1697127530178,  Project:1697126957708
12:22:37 INFO  : Project lab_3_wrapper_hw_platform_0's source hardware specification located at C:/Users/tyqca/OneDrive/School/Labs/1195_Labs/Lab_3/Lab_3.sdk/lab_3_wrapper.hdf is now different from the local copy.
		 The local copy will be replaced with the source specification and your workspace will be updated.
12:22:44 INFO  : Copied contents of C:/Users/tyqca/OneDrive/School/Labs/1195_Labs/Lab_3/Lab_3.sdk/lab_3_wrapper.hdf into \lab_3_wrapper_hw_platform_0\system.hdf.
12:22:46 INFO  : Synchronizing projects in the workspace with the hardware platform specification changes.
12:22:48 INFO  : 
12:22:49 INFO  : Updating hardware inferred compiler options for Multiplier_unit_TB.
12:22:49 INFO  : Clearing existing target manager status.
12:22:49 INFO  : Workspace synchronized with the new hardware specification file. Cleaning dependent projects...
12:22:50 WARN  : Linker script will not be updated automatically. Users need to update it manually.
12:23:38 INFO  : Disconnected from the channel tcfchan#12.
12:23:39 INFO  : Connected to target on host '127.0.0.1' and port '3121'.
12:23:40 INFO  : Jtag cable 'Xilinx PYNQ-Z1 003017AEE2AEA' is selected.
12:23:40 INFO  : 'jtag frequency' command is executed.
12:23:40 INFO  : Sourcing of 'C:/Users/tyqca/OneDrive/School/Labs/1195_Labs/Lab_3/Lab_3.sdk/lab_3_wrapper_hw_platform_0/ps7_init.tcl' is done.
12:23:40 INFO  : 'targets -set -filter {jtag_cable_name =~ "Xilinx PYNQ-Z1 003017AEE2AEA" && level==0} -index 1' command is executed.
12:23:42 INFO  : FPGA configured successfully with bitstream "C:/Users/tyqca/OneDrive/School/Labs/1195_Labs/Lab_3/Lab_3.sdk/lab_3_wrapper_hw_platform_0/lab_3_wrapper.bit"
12:23:42 INFO  : Context for 'APU' is selected.
12:23:42 INFO  : Hardware design information is loaded from 'C:/Users/tyqca/OneDrive/School/Labs/1195_Labs/Lab_3/Lab_3.sdk/lab_3_wrapper_hw_platform_0/system.hdf'.
12:23:42 INFO  : 'configparams force-mem-access 1' command is executed.
12:23:42 INFO  : Context for 'APU' is selected.
12:23:42 INFO  : 'stop' command is executed.
12:23:43 INFO  : 'ps7_init' command is executed.
12:23:43 INFO  : 'ps7_post_config' command is executed.
12:23:43 INFO  : Context for processor 'ps7_cortexa9_0' is selected.
12:23:43 INFO  : Processor reset is completed for 'ps7_cortexa9_0'.
12:23:43 INFO  : Context for processor 'ps7_cortexa9_0' is selected.
12:23:43 INFO  : The application 'C:/Users/tyqca/OneDrive/School/Labs/1195_Labs/Lab_3/Lab_3.sdk/Multiplier_unit_TB/Debug/Multiplier_unit_TB.elf' is downloaded to processor 'ps7_cortexa9_0'.
12:23:43 INFO  : 'configparams force-mem-access 0' command is executed.
12:23:43 INFO  : ----------------XSDB Script----------------
connect -url tcp:127.0.0.1:3121
source C:/Users/tyqca/OneDrive/School/Labs/1195_Labs/Lab_3/Lab_3.sdk/lab_3_wrapper_hw_platform_0/ps7_init.tcl
targets -set -filter {jtag_cable_name =~ "Xilinx PYNQ-Z1 003017AEE2AEA" && level==0} -index 1
fpga -file C:/Users/tyqca/OneDrive/School/Labs/1195_Labs/Lab_3/Lab_3.sdk/lab_3_wrapper_hw_platform_0/lab_3_wrapper.bit
targets -set -nocase -filter {name =~"APU*" && jtag_cable_name =~ "Xilinx PYNQ-Z1 003017AEE2AEA"} -index 0
loadhw -hw C:/Users/tyqca/OneDrive/School/Labs/1195_Labs/Lab_3/Lab_3.sdk/lab_3_wrapper_hw_platform_0/system.hdf -mem-ranges [list {0x40000000 0xbfffffff}]
configparams force-mem-access 1
targets -set -nocase -filter {name =~"APU*" && jtag_cable_name =~ "Xilinx PYNQ-Z1 003017AEE2AEA"} -index 0
stop
ps7_init
ps7_post_config
targets -set -nocase -filter {name =~ "ARM*#0" && jtag_cable_name =~ "Xilinx PYNQ-Z1 003017AEE2AEA"} -index 0
rst -processor
targets -set -nocase -filter {name =~ "ARM*#0" && jtag_cable_name =~ "Xilinx PYNQ-Z1 003017AEE2AEA"} -index 0
dow C:/Users/tyqca/OneDrive/School/Labs/1195_Labs/Lab_3/Lab_3.sdk/Multiplier_unit_TB/Debug/Multiplier_unit_TB.elf
configparams force-mem-access 0
----------------End of Script----------------

12:23:43 INFO  : Memory regions updated for context APU
12:23:43 INFO  : Context for processor 'ps7_cortexa9_0' is selected.
12:23:43 INFO  : 'con' command is executed.
12:23:43 INFO  : ----------------XSDB Script (After Launch)----------------
targets -set -nocase -filter {name =~ "ARM*#0" && jtag_cable_name =~ "Xilinx PYNQ-Z1 003017AEE2AEA"} -index 0
con
----------------End of Script----------------

12:23:43 INFO  : Launch script is exported to file 'C:\Users\tyqca\OneDrive\School\Labs\1195_Labs\Lab_3\Lab_3.sdk\.sdk\launch_scripts\xilinx_c-c++_application_(system_debugger)\system_debugger_using_debug_multiplier_unit_tb.elf_on_local.tcl'
12:30:58 INFO  : Disconnected from the channel tcfchan#13.
12:30:59 INFO  : Connected to target on host '127.0.0.1' and port '3121'.
12:30:59 INFO  : Jtag cable 'Xilinx PYNQ-Z1 003017AEE2AEA' is selected.
12:30:59 INFO  : 'jtag frequency' command is executed.
12:30:59 INFO  : Sourcing of 'C:/Users/tyqca/OneDrive/School/Labs/1195_Labs/Lab_3/Lab_3.sdk/lab_3_wrapper_hw_platform_0/ps7_init.tcl' is done.
12:30:59 INFO  : 'targets -set -filter {jtag_cable_name =~ "Xilinx PYNQ-Z1 003017AEE2AEA" && level==0} -index 1' command is executed.
12:31:02 INFO  : FPGA configured successfully with bitstream "C:/Users/tyqca/OneDrive/School/Labs/1195_Labs/Lab_3/Lab_3.sdk/lab_3_wrapper_hw_platform_0/lab_3_wrapper.bit"
12:31:02 INFO  : Context for 'APU' is selected.
12:31:02 INFO  : Hardware design information is loaded from 'C:/Users/tyqca/OneDrive/School/Labs/1195_Labs/Lab_3/Lab_3.sdk/lab_3_wrapper_hw_platform_0/system.hdf'.
12:31:02 INFO  : 'configparams force-mem-access 1' command is executed.
12:31:02 INFO  : Context for 'APU' is selected.
12:31:02 INFO  : 'stop' command is executed.
12:31:03 INFO  : 'ps7_init' command is executed.
12:31:03 INFO  : 'ps7_post_config' command is executed.
12:31:03 INFO  : Context for processor 'ps7_cortexa9_0' is selected.
12:31:03 INFO  : Processor reset is completed for 'ps7_cortexa9_0'.
12:31:03 INFO  : Context for processor 'ps7_cortexa9_0' is selected.
12:31:03 INFO  : The application 'C:/Users/tyqca/OneDrive/School/Labs/1195_Labs/Lab_3/Lab_3.sdk/Multiplier_unit_TB/Debug/Multiplier_unit_TB.elf' is downloaded to processor 'ps7_cortexa9_0'.
12:31:03 INFO  : 'configparams force-mem-access 0' command is executed.
12:31:03 INFO  : ----------------XSDB Script----------------
connect -url tcp:127.0.0.1:3121
source C:/Users/tyqca/OneDrive/School/Labs/1195_Labs/Lab_3/Lab_3.sdk/lab_3_wrapper_hw_platform_0/ps7_init.tcl
targets -set -filter {jtag_cable_name =~ "Xilinx PYNQ-Z1 003017AEE2AEA" && level==0} -index 1
fpga -file C:/Users/tyqca/OneDrive/School/Labs/1195_Labs/Lab_3/Lab_3.sdk/lab_3_wrapper_hw_platform_0/lab_3_wrapper.bit
targets -set -nocase -filter {name =~"APU*" && jtag_cable_name =~ "Xilinx PYNQ-Z1 003017AEE2AEA"} -index 0
loadhw -hw C:/Users/tyqca/OneDrive/School/Labs/1195_Labs/Lab_3/Lab_3.sdk/lab_3_wrapper_hw_platform_0/system.hdf -mem-ranges [list {0x40000000 0xbfffffff}]
configparams force-mem-access 1
targets -set -nocase -filter {name =~"APU*" && jtag_cable_name =~ "Xilinx PYNQ-Z1 003017AEE2AEA"} -index 0
stop
ps7_init
ps7_post_config
targets -set -nocase -filter {name =~ "ARM*#0" && jtag_cable_name =~ "Xilinx PYNQ-Z1 003017AEE2AEA"} -index 0
rst -processor
targets -set -nocase -filter {name =~ "ARM*#0" && jtag_cable_name =~ "Xilinx PYNQ-Z1 003017AEE2AEA"} -index 0
dow C:/Users/tyqca/OneDrive/School/Labs/1195_Labs/Lab_3/Lab_3.sdk/Multiplier_unit_TB/Debug/Multiplier_unit_TB.elf
configparams force-mem-access 0
----------------End of Script----------------

12:31:03 INFO  : Memory regions updated for context APU
12:31:03 INFO  : Context for processor 'ps7_cortexa9_0' is selected.
12:31:03 INFO  : 'con' command is executed.
12:31:03 INFO  : ----------------XSDB Script (After Launch)----------------
targets -set -nocase -filter {name =~ "ARM*#0" && jtag_cable_name =~ "Xilinx PYNQ-Z1 003017AEE2AEA"} -index 0
con
----------------End of Script----------------

12:31:03 INFO  : Launch script is exported to file 'C:\Users\tyqca\OneDrive\School\Labs\1195_Labs\Lab_3\Lab_3.sdk\.sdk\launch_scripts\xilinx_c-c++_application_(system_debugger)\system_debugger_using_debug_multiplier_unit_tb.elf_on_local.tcl'
14:47:00 INFO  : Disconnected from the channel tcfchan#14.
14:47:01 INFO  : Connected to target on host '127.0.0.1' and port '3121'.
14:47:02 INFO  : Jtag cable 'Xilinx PYNQ-Z1 003017AEE2AEA' is selected.
14:47:02 INFO  : 'jtag frequency' command is executed.
14:47:02 INFO  : Sourcing of 'C:/Users/tyqca/OneDrive/School/Labs/1195_Labs/Lab_3/Lab_3.sdk/lab_3_wrapper_hw_platform_0/ps7_init.tcl' is done.
14:47:02 INFO  : 'targets -set -filter {jtag_cable_name =~ "Xilinx PYNQ-Z1 003017AEE2AEA" && level==0} -index 1' command is executed.
14:47:04 INFO  : FPGA configured successfully with bitstream "C:/Users/tyqca/OneDrive/School/Labs/1195_Labs/Lab_3/Lab_3.sdk/lab_3_wrapper_hw_platform_0/lab_3_wrapper.bit"
14:47:04 INFO  : Context for 'APU' is selected.
14:47:04 INFO  : Hardware design information is loaded from 'C:/Users/tyqca/OneDrive/School/Labs/1195_Labs/Lab_3/Lab_3.sdk/lab_3_wrapper_hw_platform_0/system.hdf'.
14:47:04 INFO  : 'configparams force-mem-access 1' command is executed.
14:47:04 INFO  : Context for 'APU' is selected.
14:47:04 INFO  : 'stop' command is executed.
14:47:04 INFO  : 'ps7_init' command is executed.
14:47:04 INFO  : 'ps7_post_config' command is executed.
14:47:04 INFO  : Context for processor 'ps7_cortexa9_0' is selected.
14:47:04 INFO  : Processor reset is completed for 'ps7_cortexa9_0'.
14:47:05 INFO  : Context for processor 'ps7_cortexa9_0' is selected.
14:47:05 INFO  : The application 'C:/Users/tyqca/OneDrive/School/Labs/1195_Labs/Lab_3/Lab_3.sdk/Multiplier_unit_TB/Debug/Multiplier_unit_TB.elf' is downloaded to processor 'ps7_cortexa9_0'.
14:47:05 INFO  : 'configparams force-mem-access 0' command is executed.
14:47:05 INFO  : ----------------XSDB Script----------------
connect -url tcp:127.0.0.1:3121
source C:/Users/tyqca/OneDrive/School/Labs/1195_Labs/Lab_3/Lab_3.sdk/lab_3_wrapper_hw_platform_0/ps7_init.tcl
targets -set -filter {jtag_cable_name =~ "Xilinx PYNQ-Z1 003017AEE2AEA" && level==0} -index 1
fpga -file C:/Users/tyqca/OneDrive/School/Labs/1195_Labs/Lab_3/Lab_3.sdk/lab_3_wrapper_hw_platform_0/lab_3_wrapper.bit
targets -set -nocase -filter {name =~"APU*" && jtag_cable_name =~ "Xilinx PYNQ-Z1 003017AEE2AEA"} -index 0
loadhw -hw C:/Users/tyqca/OneDrive/School/Labs/1195_Labs/Lab_3/Lab_3.sdk/lab_3_wrapper_hw_platform_0/system.hdf -mem-ranges [list {0x40000000 0xbfffffff}]
configparams force-mem-access 1
targets -set -nocase -filter {name =~"APU*" && jtag_cable_name =~ "Xilinx PYNQ-Z1 003017AEE2AEA"} -index 0
stop
ps7_init
ps7_post_config
targets -set -nocase -filter {name =~ "ARM*#0" && jtag_cable_name =~ "Xilinx PYNQ-Z1 003017AEE2AEA"} -index 0
rst -processor
targets -set -nocase -filter {name =~ "ARM*#0" && jtag_cable_name =~ "Xilinx PYNQ-Z1 003017AEE2AEA"} -index 0
dow C:/Users/tyqca/OneDrive/School/Labs/1195_Labs/Lab_3/Lab_3.sdk/Multiplier_unit_TB/Debug/Multiplier_unit_TB.elf
configparams force-mem-access 0
----------------End of Script----------------

14:47:05 INFO  : Memory regions updated for context APU
14:47:05 INFO  : Context for processor 'ps7_cortexa9_0' is selected.
14:47:05 INFO  : 'con' command is executed.
14:47:05 INFO  : ----------------XSDB Script (After Launch)----------------
targets -set -nocase -filter {name =~ "ARM*#0" && jtag_cable_name =~ "Xilinx PYNQ-Z1 003017AEE2AEA"} -index 0
con
----------------End of Script----------------

14:47:05 INFO  : Launch script is exported to file 'C:\Users\tyqca\OneDrive\School\Labs\1195_Labs\Lab_3\Lab_3.sdk\.sdk\launch_scripts\xilinx_c-c++_application_(system_debugger)\system_debugger_using_debug_multiplier_unit_tb.elf_on_local.tcl'
14:47:56 INFO  : Disconnected from the channel tcfchan#15.
