Copyright 1986-2018 Xilinx, Inc. All Rights Reserved.
------------------------------------------------------------------------------------------
| Tool Version : Vivado v.2018.3 (win64) Build 2405991 Thu Dec  6 23:38:27 MST 2018
| Date         : Tue Nov  7 20:39:54 2023
| Host         : The_Ghost_TWO running 64-bit major release  (build 9200)
| Command      : report_control_sets -verbose -file Lab_4_wrapper_control_sets_placed.rpt
| Design       : Lab_4_wrapper
| Device       : xc7z020
------------------------------------------------------------------------------------------

Control Set Information

Table of Contents
-----------------
1. Summary
2. Histogram
3. Flip-Flop Distribution
4. Detailed Control Set Information

1. Summary
----------

+----------------------------------------------------------+-------+
|                          Status                          | Count |
+----------------------------------------------------------+-------+
| Number of unique control sets                            |    94 |
| Unused register locations in slices containing registers |   203 |
+----------------------------------------------------------+-------+


2. Histogram
------------

+--------+--------------+
| Fanout | Control Sets |
+--------+--------------+
|      1 |           11 |
|      2 |            2 |
|      3 |            2 |
|      4 |            5 |
|      5 |            4 |
|      6 |            1 |
|      7 |            1 |
|      8 |            1 |
|     10 |            1 |
|     11 |            1 |
|     12 |            4 |
|     13 |            1 |
|     14 |            4 |
|     15 |            1 |
|    16+ |           55 |
+--------+--------------+


3. Flip-Flop Distribution
-------------------------

+--------------+-----------------------+------------------------+-----------------+--------------+
| Clock Enable | Synchronous Set/Reset | Asynchronous Set/Reset | Total Registers | Total Slices |
+--------------+-----------------------+------------------------+-----------------+--------------+
| No           | No                    | No                     |             177 |           61 |
| No           | No                    | Yes                    |               6 |            3 |
| No           | Yes                   | No                     |              41 |           19 |
| Yes          | No                    | No                     |             502 |          114 |
| Yes          | No                    | Yes                    |            1451 |          534 |
| Yes          | Yes                   | No                     |              92 |           29 |
+--------------+-----------------------+------------------------+-----------------+--------------+


4. Detailed Control Set Information
-----------------------------------

+---------------------------------------------------------+-------------------------------------------------------------------------------------------------------------------------------------------------------------+----------------------------------------------------------------------------------------------------------------------------------------------------+------------------+----------------+
|                       Clock Signal                      |                                                                        Enable Signal                                                                        |                                                                  Set/Reset Signal                                                                  | Slice Load Count | Bel Load Count |
+---------------------------------------------------------+-------------------------------------------------------------------------------------------------------------------------------------------------------------+----------------------------------------------------------------------------------------------------------------------------------------------------+------------------+----------------+
|  Lab_4_i/Mips_CPU_0/U0/Mult/Counter_unit/count_reg[4]_0 |                                                                                                                                                             | Lab_4_i/Mips_CPU_0/U0/CU/mult_EN                                                                                                                   |                1 |              1 |
|  Lab_4_i/Mips_CPU_0/U0/CU/HI_EN_reg_i_2_n_0             |                                                                                                                                                             |                                                                                                                                                    |                1 |              1 |
|  Lab_4_i/Mips_CPU_0/U0/CU/PCWriteCond_reg_i_2_n_0       |                                                                                                                                                             |                                                                                                                                                    |                1 |              1 |
|  Lab_4_i/Mips_CPU_0/U0/CU/IorD_reg_i_1_n_0              |                                                                                                                                                             |                                                                                                                                                    |                1 |              1 |
|  Lab_4_i/Mips_CPU_0/U0/CU/RegDst_reg_i_2_n_0            |                                                                                                                                                             |                                                                                                                                                    |                1 |              1 |
|  Lab_4_i/Mips_CPU_0/U0/CU/signed_flag_reg_i_2_n_0       |                                                                                                                                                             |                                                                                                                                                    |                1 |              1 |
|  Lab_4_i/Mips_CPU_0/U0/CU/Shamt_sel_reg_i_2_n_0         |                                                                                                                                                             |                                                                                                                                                    |                1 |              1 |
|  Lab_4_i/processing_system7_0/inst/FCLK_CLK0            |                                                                                                                                                             | Lab_4_i/Mips_CPU_0/U0/CU/mult_EN                                                                                                                   |                1 |              1 |
|  Lab_4_i/processing_system7_0/inst/FCLK_CLK0            | Lab_4_i/Mips_CPU_0/U0/Mult/Controller/next_state[0]_i_1_n_0                                                                                                 | Lab_4_i/Mips_CPU_0/U0/Mult/Counter_unit/count_reg[4]_0                                                                                             |                1 |              1 |
|  Lab_4_i/processing_system7_0/inst/FCLK_CLK0            | Lab_4_i/Mips_CPU_0/U0/Mult/Controller/next_state[0]_i_1_n_0                                                                                                 | Lab_4_i/Mips_CPU_0/U0/Mult/Counter_unit/count_reg[0]_0                                                                                             |                1 |              1 |
|  Lab_4_i/processing_system7_0/inst/FCLK_CLK0            | Lab_4_i/ps7_0_axi_periph/s00_couplers/auto_pc/inst/gen_axilite.gen_b2s_conv.axilite_b2s/WR.aw_channel_0/aw_cmd_fsm_0/m_axi_awready_1                        | Lab_4_i/ps7_0_axi_periph/s00_couplers/auto_pc/inst/gen_axilite.gen_b2s_conv.axilite_b2s/WR.aw_channel_0/aw_cmd_fsm_0/m_axi_awready_0               |                1 |              1 |
|  Lab_4_i/Mips_CPU_0/U0/CU/PCSource_reg[1]_i_1_n_0       |                                                                                                                                                             |                                                                                                                                                    |                1 |              2 |
|  Lab_4_i/processing_system7_0/inst/FCLK_CLK0            | Lab_4_i/ps7_0_axi_periph/s00_couplers/auto_pc/inst/gen_axilite.gen_b2s_conv.axilite_b2s/WR.b_channel_0/bid_fifo_0/sel                                       |                                                                                                                                                    |                1 |              2 |
|  Lab_4_i/Mips_CPU_0/U0/CU/ALUSrcB_reg[1]_i_2_n_0        |                                                                                                                                                             |                                                                                                                                                    |                1 |              3 |
|  Lab_4_i/Mips_CPU_0/U0/CU/Mem_to_Reg_reg[2]_i_2_n_0     |                                                                                                                                                             |                                                                                                                                                    |                1 |              3 |
|  Lab_4_i/Mips_CPU_0/U0/CU/ALUOp_reg[3]_i_2_n_0          |                                                                                                                                                             |                                                                                                                                                    |                1 |              4 |
|  Lab_4_i/processing_system7_0/inst/FCLK_CLK0            |                                                                                                                                                             | Lab_4_i/rst_ps7_0_100M/U0/EXT_LPF/lpf_int                                                                                                          |                2 |              4 |
|  Lab_4_i/processing_system7_0/inst/FCLK_CLK0            |                                                                                                                                                             | Lab_4_i/ps7_0_axi_periph/s00_couplers/auto_pc/inst/gen_axilite.gen_b2s_conv.axilite_b2s/SI_REG/aw.aw_pipe/aresetn_d_reg[0]_0                       |                1 |              4 |
|  Lab_4_i/processing_system7_0/inst/FCLK_CLK0            |                                                                                                                                                             | Lab_4_i/ps7_0_axi_periph/s00_couplers/auto_pc/inst/gen_axilite.gen_b2s_conv.axilite_b2s/SI_REG/ar.ar_pipe/aresetn_d_reg[1]_inv_0                   |                2 |              4 |
|  Lab_4_i/processing_system7_0/inst/FCLK_CLK0            | Lab_4_i/Mips_CPU_0/U0/CU/FSM_sequential_current_state[3]_i_1_n_0                                                                                            | Lab_4_i/axi_regmap_0/U0/MM_i/REG0_OUT[0]                                                                                                           |                3 |              4 |
|  Lab_4_i/processing_system7_0/inst/FCLK_CLK0            |                                                                                                                                                             | Lab_4_i/Mips_CPU_0/U0/Mult/Controller/AR[0]                                                                                                        |                2 |              5 |
|  Lab_4_i/processing_system7_0/inst/FCLK_CLK0            | Lab_4_i/ps7_0_axi_periph/s00_couplers/auto_pc/inst/gen_axilite.gen_b2s_conv.axilite_b2s/RD.ar_channel_0/ar_cmd_fsm_0/m_valid_i_reg                          | Lab_4_i/ps7_0_axi_periph/s00_couplers/auto_pc/inst/gen_axilite.gen_b2s_conv.axilite_b2s/RD.ar_channel_0/ar_cmd_fsm_0/FSM_sequential_state_reg[0]_0 |                2 |              5 |
|  Lab_4_i/processing_system7_0/inst/FCLK_CLK0            | Lab_4_i/ps7_0_axi_periph/s00_couplers/auto_pc/inst/gen_axilite.gen_b2s_conv.axilite_b2s/RD.r_channel_0/rd_data_fifo_0/E[0]                                  | Lab_4_i/ps7_0_axi_periph/s00_couplers/auto_pc/inst/gen_axilite.gen_b2s_conv.axilite_b2s/areset_d1                                                  |                1 |              5 |
|  Lab_4_i/processing_system7_0/inst/FCLK_CLK0            | Lab_4_i/ps7_0_axi_periph/s00_couplers/auto_pc/inst/gen_axilite.gen_b2s_conv.axilite_b2s/RD.r_channel_0/rd_data_fifo_0/cnt_read[4]_i_1_n_0                   | Lab_4_i/ps7_0_axi_periph/s00_couplers/auto_pc/inst/gen_axilite.gen_b2s_conv.axilite_b2s/areset_d1                                                  |                1 |              5 |
|  Lab_4_i/processing_system7_0/inst/FCLK_CLK0            | Lab_4_i/rst_ps7_0_100M/U0/SEQ/seq_cnt_en                                                                                                                    | Lab_4_i/rst_ps7_0_100M/U0/SEQ/SEQ_COUNTER/clear                                                                                                    |                1 |              6 |
|  Lab_4_i/processing_system7_0/inst/FCLK_CLK0            |                                                                                                                                                             | Lab_4_i/axi_bram_ctrl_0/U0/gext_inst.abcv4_0_ext_inst/GEN_AXI4LITE.I_AXI_LITE/s_axi_aresetn_0                                                      |                2 |              7 |
|  Lab_4_i/processing_system7_0/inst/FCLK_CLK0            | Lab_4_i/ps7_0_axi_periph/s00_couplers/auto_pc/inst/gen_axilite.gen_b2s_conv.axilite_b2s/WR.b_channel_0/mhandshake_r                                         | Lab_4_i/ps7_0_axi_periph/s00_couplers/auto_pc/inst/gen_axilite.gen_b2s_conv.axilite_b2s/WR.b_channel_0/bid_fifo_0/SR[0]                            |                3 |              8 |
|  Lab_4_i/processing_system7_0/inst/FCLK_CLK0            |                                                                                                                                                             | Lab_4_i/ps7_0_axi_periph/s00_couplers/auto_pc/inst/gen_axilite.gen_b2s_conv.axilite_b2s/areset_d1                                                  |                5 |             10 |
|  Lab_4_i/processing_system7_0/inst/FCLK_CLK0            |                                                                                                                                                             | Lab_4_i/ps7_0_axi_periph/xbar/inst/gen_sasd.crossbar_sasd_0/addr_arbiter_inst/SR[0]                                                                |                6 |             11 |
|  Lab_4_i/processing_system7_0/inst/FCLK_CLK0            | Lab_4_i/ps7_0_axi_periph/s00_couplers/auto_pc/inst/gen_axilite.gen_b2s_conv.axilite_b2s/RD.ar_channel_0/ar_cmd_fsm_0/sel_first_reg[0]                       |                                                                                                                                                    |                2 |             12 |
|  Lab_4_i/processing_system7_0/inst/FCLK_CLK0            | Lab_4_i/ps7_0_axi_periph/s00_couplers/auto_pc/inst/gen_axilite.gen_b2s_conv.axilite_b2s/RD.ar_channel_0/ar_cmd_fsm_0/E[0]                                   |                                                                                                                                                    |                6 |             12 |
|  Lab_4_i/processing_system7_0/inst/FCLK_CLK0            | Lab_4_i/ps7_0_axi_periph/s00_couplers/auto_pc/inst/gen_axilite.gen_b2s_conv.axilite_b2s/WR.aw_channel_0/aw_cmd_fsm_0/E[0]                                   |                                                                                                                                                    |                5 |             12 |
|  Lab_4_i/processing_system7_0/inst/FCLK_CLK0            | Lab_4_i/ps7_0_axi_periph/s00_couplers/auto_pc/inst/gen_axilite.gen_b2s_conv.axilite_b2s/WR.aw_channel_0/cmd_translator_0/incr_cmd_0/axaddr_incr[11]_i_1_n_0 |                                                                                                                                                    |                2 |             12 |
|  Lab_4_i/processing_system7_0/inst/FCLK_CLK0            | Lab_4_i/ps7_0_axi_periph/s00_couplers/auto_pc/inst/gen_axilite.gen_b2s_conv.axilite_b2s/RD.r_channel_0/r_push_r                                             |                                                                                                                                                    |                4 |             13 |
|  Lab_4_i/processing_system7_0/inst/FCLK_CLK0            | Lab_4_i/axi_regmap_0/U0/axi_awaddr[15]_i_1_n_0                                                                                                              |                                                                                                                                                    |                4 |             14 |
|  Lab_4_i/processing_system7_0/inst/FCLK_CLK0            | Lab_4_i/ps7_0_axi_periph/s00_couplers/auto_pc/inst/gen_axilite.gen_b2s_conv.axilite_b2s/SI_REG/b.b_pipe/p_1_in                                              |                                                                                                                                                    |                2 |             14 |
|  Lab_4_i/processing_system7_0/inst/FCLK_CLK0            | Lab_4_i/ps7_0_axi_periph/s00_couplers/auto_pc/inst/gen_axilite.gen_b2s_conv.axilite_b2s/SI_REG/b.b_pipe/s_ready_i_reg_0                                     |                                                                                                                                                    |                2 |             14 |
|  Lab_4_i/processing_system7_0/inst/FCLK_CLK0            | Lab_4_i/axi_regmap_0/U0/axi_araddr_1                                                                                                                        |                                                                                                                                                    |                3 |             14 |
|  Lab_4_i/processing_system7_0/inst/FCLK_CLK0            | Lab_4_i/ps7_0_axi_periph/xbar/inst/gen_sasd.crossbar_sasd_0/reg_slice_r/aa_rready                                                                           |                                                                                                                                                    |                8 |             15 |
|  Lab_4_i/processing_system7_0/inst/FCLK_CLK0            | Lab_4_i/ps7_0_axi_periph/s00_couplers/auto_pc/inst/gen_axilite.gen_b2s_conv.axilite_b2s/WR.aw_channel_0/aw_cmd_fsm_0/b_push                                 |                                                                                                                                                    |                3 |             16 |
|  Lab_4_i/processing_system7_0/inst/FCLK_CLK0            | Lab_4_i/ps7_0_axi_periph/s00_couplers/auto_pc/inst/gen_axilite.gen_b2s_conv.axilite_b2s/RD.ar_channel_0/ar_cmd_fsm_0/m_valid_i_reg                          |                                                                                                                                                    |                7 |             21 |
|  Lab_4_i/processing_system7_0/inst/FCLK_CLK0            | Lab_4_i/ps7_0_axi_periph/s00_couplers/auto_pc/inst/gen_axilite.gen_b2s_conv.axilite_b2s/WR.aw_channel_0/aw_cmd_fsm_0/m_axi_awready_1                        |                                                                                                                                                    |               11 |             25 |
|  Lab_4_i/processing_system7_0/inst/FCLK_CLK0            | Lab_4_i/ps7_0_axi_periph/xbar/inst/gen_sasd.crossbar_sasd_0/addr_arbiter_inst/p_0_in1_in                                                                    | Lab_4_i/ps7_0_axi_periph/xbar/inst/gen_sasd.crossbar_sasd_0/addr_arbiter_inst/SR[0]                                                                |               12 |             30 |
|  Lab_4_i/processing_system7_0/inst/FCLK_CLK0            | Lab_4_i/Mips_CPU_0/U0/Instruction_register/L1[17].FF/Q_reg_5                                                                                                | Lab_4_i/axi_regmap_0/U0/MM_i/REG0_OUT[0]                                                                                                           |               10 |             32 |
|  Lab_4_i/processing_system7_0/inst/FCLK_CLK0            | Lab_4_i/Mips_CPU_0/U0/Instruction_register/L1[17].FF/Q_reg_11                                                                                               | Lab_4_i/axi_regmap_0/U0/MM_i/REG0_OUT[0]                                                                                                           |               19 |             32 |
|  Lab_4_i/processing_system7_0/inst/FCLK_CLK0            | Lab_4_i/Mips_CPU_0/U0/Instruction_register/L1[17].FF/Q_reg_7                                                                                                | Lab_4_i/axi_regmap_0/U0/MM_i/REG0_OUT[0]                                                                                                           |                7 |             32 |
|  Lab_4_i/processing_system7_0/inst/FCLK_CLK0            | Lab_4_i/Mips_CPU_0/U0/Instruction_register/L1[17].FF/Q_reg_1                                                                                                | Lab_4_i/axi_regmap_0/U0/MM_i/REG0_OUT[0]                                                                                                           |                8 |             32 |
|  Lab_4_i/processing_system7_0/inst/FCLK_CLK0            | Lab_4_i/Mips_CPU_0/U0/RF/Q_i_1__4_n_0                                                                                                                       | Lab_4_i/axi_regmap_0/U0/MM_i/REG0_OUT[0]                                                                                                           |                7 |             32 |
|  Lab_4_i/processing_system7_0/inst/FCLK_CLK0            | Lab_4_i/Mips_CPU_0/U0/RF/Q_i_1__14_n_0                                                                                                                      | Lab_4_i/axi_regmap_0/U0/MM_i/REG0_OUT[0]                                                                                                           |               17 |             32 |
|  Lab_4_i/processing_system7_0/inst/FCLK_CLK0            | Lab_4_i/Mips_CPU_0/U0/RF/Q_i_1__11_n_0                                                                                                                      | Lab_4_i/axi_regmap_0/U0/MM_i/REG0_OUT[0]                                                                                                           |               12 |             32 |
|  Lab_4_i/processing_system7_0/inst/FCLK_CLK0            | Lab_4_i/Mips_CPU_0/U0/RF/Q_i_1__3_n_0                                                                                                                       | Lab_4_i/axi_regmap_0/U0/MM_i/REG0_OUT[0]                                                                                                           |               12 |             32 |
|  Lab_4_i/processing_system7_0/inst/FCLK_CLK0            | Lab_4_i/Mips_CPU_0/U0/RF/Q_i_1__8_n_0                                                                                                                       | Lab_4_i/axi_regmap_0/U0/MM_i/REG0_OUT[0]                                                                                                           |               12 |             32 |
|  Lab_4_i/processing_system7_0/inst/FCLK_CLK0            | Lab_4_i/Mips_CPU_0/U0/RF/Q_i_1__9_n_0                                                                                                                       | Lab_4_i/axi_regmap_0/U0/MM_i/REG0_OUT[0]                                                                                                           |               11 |             32 |
|  Lab_4_i/processing_system7_0/inst/FCLK_CLK0            | Lab_4_i/Mips_CPU_0/U0/RF/Q_i_1__2_n_0                                                                                                                       | Lab_4_i/axi_regmap_0/U0/MM_i/REG0_OUT[0]                                                                                                           |                7 |             32 |
|  Lab_4_i/processing_system7_0/inst/FCLK_CLK0            | Lab_4_i/Mips_CPU_0/U0/RF/Q_i_1__6_n_0                                                                                                                       | Lab_4_i/axi_regmap_0/U0/MM_i/REG0_OUT[0]                                                                                                           |               21 |             32 |
|  Lab_4_i/processing_system7_0/inst/FCLK_CLK0            | Lab_4_i/Mips_CPU_0/U0/RF/Q_i_1__7_n_0                                                                                                                       | Lab_4_i/axi_regmap_0/U0/MM_i/REG0_OUT[0]                                                                                                           |               10 |             32 |
|  Lab_4_i/processing_system7_0/inst/FCLK_CLK0            | Lab_4_i/Mips_CPU_0/U0/RF/Q_i_1__10_n_0                                                                                                                      | Lab_4_i/axi_regmap_0/U0/MM_i/REG0_OUT[0]                                                                                                           |               12 |             32 |
|  Lab_4_i/processing_system7_0/inst/FCLK_CLK0            | Lab_4_i/Mips_CPU_0/U0/RF/Q_i_1__1_n_0                                                                                                                       | Lab_4_i/axi_regmap_0/U0/MM_i/REG0_OUT[0]                                                                                                           |                9 |             32 |
|  Lab_4_i/processing_system7_0/inst/FCLK_CLK0            | Lab_4_i/Mips_CPU_0/U0/RF/Q_i_1__5_n_0                                                                                                                       | Lab_4_i/axi_regmap_0/U0/MM_i/REG0_OUT[0]                                                                                                           |               18 |             32 |
|  Lab_4_i/processing_system7_0/inst/FCLK_CLK0            | Lab_4_i/Mips_CPU_0/U0/RF/Q_i_1__0_n_0                                                                                                                       | Lab_4_i/axi_regmap_0/U0/MM_i/REG0_OUT[0]                                                                                                           |                9 |             32 |
|  Lab_4_i/processing_system7_0/inst/FCLK_CLK0            | Lab_4_i/Mips_CPU_0/U0/RF/Q_i_1__13_n_0                                                                                                                      | Lab_4_i/axi_regmap_0/U0/MM_i/REG0_OUT[0]                                                                                                           |               17 |             32 |
|  Lab_4_i/processing_system7_0/inst/FCLK_CLK0            | Lab_4_i/Mips_CPU_0/U0/RF/Q_i_1_n_0                                                                                                                          | Lab_4_i/axi_regmap_0/U0/MM_i/REG0_OUT[0]                                                                                                           |               13 |             32 |
|  Lab_4_i/processing_system7_0/inst/FCLK_CLK0            | Lab_4_i/Mips_CPU_0/U0/RF/Q_i_1__12_n_0                                                                                                                      | Lab_4_i/axi_regmap_0/U0/MM_i/REG0_OUT[0]                                                                                                           |               11 |             32 |
|  Lab_4_i/processing_system7_0/inst/FCLK_CLK0            | Lab_4_i/axi_regmap_0/U0/MM_i/write                                                                                                                          | Lab_4_i/axi_regmap_0/U0/MM_i/RESET                                                                                                                 |                8 |             32 |
|  Lab_4_i/processing_system7_0/inst/FCLK_CLK0            | Lab_4_i/Mips_CPU_0/U0/PC_write_n_0                                                                                                                          | Lab_4_i/axi_regmap_0/U0/MM_i/REG0_OUT[0]                                                                                                           |               24 |             32 |
|  Lab_4_i/processing_system7_0/inst/FCLK_CLK0            | Lab_4_i/Mips_CPU_0/U0/CU/ALU_out_EN                                                                                                                         | Lab_4_i/axi_regmap_0/U0/MM_i/REG0_OUT[0]                                                                                                           |               17 |             32 |
|  Lab_4_i/processing_system7_0/inst/FCLK_CLK0            | Lab_4_i/Mips_CPU_0/U0/CU/FSM_sequential_current_state_reg[3]_1                                                                                              | Lab_4_i/axi_regmap_0/U0/MM_i/REG0_OUT[0]                                                                                                           |               12 |             32 |
|  Lab_4_i/processing_system7_0/inst/FCLK_CLK0            | Lab_4_i/Mips_CPU_0/U0/CU/A_EN                                                                                                                               | Lab_4_i/axi_regmap_0/U0/MM_i/REG0_OUT[0]                                                                                                           |               12 |             32 |
|  Lab_4_i/processing_system7_0/inst/FCLK_CLK0            | Lab_4_i/Mips_CPU_0/U0/CU/MDR_EN                                                                                                                             | Lab_4_i/axi_regmap_0/U0/MM_i/REG0_OUT[0]                                                                                                           |                9 |             32 |
|  Lab_4_i/processing_system7_0/inst/FCLK_CLK0            | Lab_4_i/Mips_CPU_0/U0/Instruction_register/L1[14].FF/Q_reg_7                                                                                                | Lab_4_i/axi_regmap_0/U0/MM_i/REG0_OUT[0]                                                                                                           |               11 |             32 |
|  Lab_4_i/processing_system7_0/inst/FCLK_CLK0            | Lab_4_i/Mips_CPU_0/U0/Instruction_register/L1[14].FF/Q_reg_5                                                                                                | Lab_4_i/axi_regmap_0/U0/MM_i/REG0_OUT[0]                                                                                                           |               12 |             32 |
|  Lab_4_i/processing_system7_0/inst/FCLK_CLK0            | Lab_4_i/Mips_CPU_0/U0/Instruction_register/L1[14].FF/Q_reg_1                                                                                                | Lab_4_i/axi_regmap_0/U0/MM_i/REG0_OUT[0]                                                                                                           |               11 |             32 |
|  Lab_4_i/processing_system7_0/inst/FCLK_CLK0            | Lab_4_i/Mips_CPU_0/U0/Instruction_register/L1[14].FF/Q_reg_2                                                                                                | Lab_4_i/axi_regmap_0/U0/MM_i/REG0_OUT[0]                                                                                                           |                9 |             32 |
|  Lab_4_i/processing_system7_0/inst/FCLK_CLK0            | Lab_4_i/Mips_CPU_0/U0/Instruction_register/L1[14].FF/Q_reg_3                                                                                                | Lab_4_i/axi_regmap_0/U0/MM_i/REG0_OUT[0]                                                                                                           |               11 |             32 |
|  Lab_4_i/processing_system7_0/inst/FCLK_CLK0            | Lab_4_i/Mips_CPU_0/U0/Instruction_register/L1[14].FF/Q_reg_4                                                                                                | Lab_4_i/axi_regmap_0/U0/MM_i/REG0_OUT[0]                                                                                                           |               22 |             32 |
|  Lab_4_i/processing_system7_0/inst/FCLK_CLK0            | Lab_4_i/Mips_CPU_0/U0/Instruction_register/L1[14].FF/Q_reg_6                                                                                                | Lab_4_i/axi_regmap_0/U0/MM_i/REG0_OUT[0]                                                                                                           |               11 |             32 |
|  Lab_4_i/processing_system7_0/inst/FCLK_CLK0            | Lab_4_i/Mips_CPU_0/U0/Instruction_register/L1[14].FF/Q_reg_8                                                                                                | Lab_4_i/axi_regmap_0/U0/MM_i/REG0_OUT[0]                                                                                                           |               21 |             32 |
|  Lab_4_i/processing_system7_0/inst/FCLK_CLK0            | Lab_4_i/Mips_CPU_0/U0/Instruction_register/L1[16].FF/Q_reg_0                                                                                                | Lab_4_i/axi_regmap_0/U0/MM_i/REG0_OUT[0]                                                                                                           |               19 |             32 |
|  Lab_4_i/processing_system7_0/inst/FCLK_CLK0            | Lab_4_i/Mips_CPU_0/U0/Instruction_register/L1[16].FF/Q_reg_2                                                                                                | Lab_4_i/axi_regmap_0/U0/MM_i/REG0_OUT[0]                                                                                                           |                7 |             32 |
|  Lab_4_i/processing_system7_0/inst/FCLK_CLK0            | Lab_4_i/Mips_CPU_0/U0/Instruction_register/L1[17].FF/Q_reg_3                                                                                                | Lab_4_i/axi_regmap_0/U0/MM_i/REG0_OUT[0]                                                                                                           |               13 |             32 |
|  Lab_4_i/processing_system7_0/inst/FCLK_CLK0            | Lab_4_i/Mips_CPU_0/U0/Instruction_register/L1[17].FF/Q_reg_9                                                                                                | Lab_4_i/axi_regmap_0/U0/MM_i/REG0_OUT[0]                                                                                                           |                7 |             32 |
|  Lab_4_i/processing_system7_0/inst/FCLK_CLK0            | Lab_4_i/ps7_0_axi_periph/s00_couplers/auto_pc/inst/gen_axilite.gen_b2s_conv.axilite_b2s/RD.r_channel_0/rd_data_fifo_0/wr_en0                                |                                                                                                                                                    |                9 |             34 |
|  Lab_4_i/processing_system7_0/inst/FCLK_CLK0            | Lab_4_i/ps7_0_axi_periph/xbar/inst/gen_sasd.crossbar_sasd_0/addr_arbiter_inst/E[0]                                                                          |                                                                                                                                                    |               10 |             35 |
|  Lab_4_i/processing_system7_0/inst/FCLK_CLK0            | Lab_4_i/Mips_CPU_0/U0/CU/FSM_sequential_current_state_reg[3]_0                                                                                              | Lab_4_i/axi_regmap_0/U0/MM_i/REG0_OUT[0]                                                                                                           |                9 |             37 |
|  Lab_4_i/processing_system7_0/inst/FCLK_CLK0            | Lab_4_i/ps7_0_axi_periph/s00_couplers/auto_pc/inst/gen_axilite.gen_b2s_conv.axilite_b2s/SI_REG/r.r_pipe/s_ready_i_reg_0                                     |                                                                                                                                                    |                6 |             47 |
|  Lab_4_i/processing_system7_0/inst/FCLK_CLK0            | Lab_4_i/ps7_0_axi_periph/s00_couplers/auto_pc/inst/gen_axilite.gen_b2s_conv.axilite_b2s/SI_REG/r.r_pipe/p_1_in                                              |                                                                                                                                                    |                7 |             47 |
|  Lab_4_i/processing_system7_0/inst/FCLK_CLK0            | Lab_4_i/ps7_0_axi_periph/s00_couplers/auto_pc/inst/gen_axilite.gen_b2s_conv.axilite_b2s/WR.aw_channel_0/aw_cmd_fsm_0/m_valid_i_reg[0]                       |                                                                                                                                                    |                9 |             52 |
|  Lab_4_i/processing_system7_0/inst/FCLK_CLK0            | Lab_4_i/ps7_0_axi_periph/s00_couplers/auto_pc/inst/gen_axilite.gen_b2s_conv.axilite_b2s/RD.ar_channel_0/ar_cmd_fsm_0/FSM_sequential_state_reg[1]_0[0]       |                                                                                                                                                    |               10 |             52 |
|  Lab_4_i/processing_system7_0/inst/FCLK_CLK0            | Lab_4_i/ps7_0_axi_periph/s00_couplers/auto_pc/inst/gen_axilite.gen_b2s_conv.axilite_b2s/SI_REG/aw.aw_pipe/s_ready_i_reg_0                                   |                                                                                                                                                    |                9 |             52 |
|  Lab_4_i/processing_system7_0/inst/FCLK_CLK0            | Lab_4_i/ps7_0_axi_periph/s00_couplers/auto_pc/inst/gen_axilite.gen_b2s_conv.axilite_b2s/SI_REG/ar.ar_pipe/s_ready_i_reg_0                                   |                                                                                                                                                    |               11 |             52 |
|  Lab_4_i/processing_system7_0/inst/FCLK_CLK0            | Lab_4_i/Mips_CPU_0/U0/Mult/Multiplier/Q[0]                                                                                                                  | Lab_4_i/Mips_CPU_0/U0/CU/mult_EN                                                                                                                   |               16 |             64 |
|  Lab_4_i/processing_system7_0/inst/FCLK_CLK0            | Lab_4_i/Mips_CPU_0/U0/CU/LO_EN                                                                                                                              | Lab_4_i/axi_regmap_0/U0/MM_i/REG0_OUT[0]                                                                                                           |               18 |             64 |
|  Lab_4_i/processing_system7_0/inst/FCLK_CLK0            | Lab_4_i/Mips_CPU_0/U0/Mult/Controller/E[0]                                                                                                                  | Lab_4_i/Mips_CPU_0/U0/CU/mult_EN                                                                                                                   |               16 |             96 |
|  Lab_4_i/processing_system7_0/inst/FCLK_CLK0            |                                                                                                                                                             |                                                                                                                                                    |               52 |            161 |
+---------------------------------------------------------+-------------------------------------------------------------------------------------------------------------------------------------------------------------+----------------------------------------------------------------------------------------------------------------------------------------------------+------------------+----------------+


