10:44:01 INFO  : Registering command handlers for SDK TCF services
10:44:02 INFO  : Launching XSCT server: xsct.bat -interactive C:\Users\tyqca\OneDrive\School\Labs\1195_Labs\Lab_1\Lab_1.sdk\temp_xsdb_launch_script.tcl
10:44:04 INFO  : XSCT server has started successfully.
10:44:06 INFO  : Successfully done setting XSCT server connection channel  
10:44:06 INFO  : Successfully done setting SDK workspace  
10:44:06 INFO  : Processing command line option -hwspec C:/Users/tyqca/OneDrive/School/Labs/1195_Labs/Lab_1/Lab_1.sdk/Lab_1_wrapper.hdf.
11:01:03 INFO  : Connected to target on host '127.0.0.1' and port '3121'.
11:01:03 INFO  : Jtag cable 'Xilinx PYNQ-Z1 003017AEE2AEA' is selected.
11:01:03 INFO  : 'jtag frequency' command is executed.
11:01:03 INFO  : Sourcing of 'C:/Users/tyqca/OneDrive/School/Labs/1195_Labs/Lab_1/Lab_1.sdk/Lab_1_wrapper_hw_platform_0/ps7_init.tcl' is done.
11:01:03 INFO  : 'targets -set -filter {jtag_cable_name =~ "Xilinx PYNQ-Z1 003017AEE2AEA" && level==0} -index 1' command is executed.
11:01:05 INFO  : FPGA configured successfully with bitstream "C:/Users/tyqca/OneDrive/School/Labs/1195_Labs/Lab_1/Lab_1.sdk/Lab_1_wrapper_hw_platform_0/Lab_1_wrapper.bit"
11:01:05 INFO  : Context for 'APU' is selected.
11:01:05 INFO  : Hardware design information is loaded from 'C:/Users/tyqca/OneDrive/School/Labs/1195_Labs/Lab_1/Lab_1.sdk/Lab_1_wrapper_hw_platform_0/system.hdf'.
11:01:05 INFO  : 'configparams force-mem-access 1' command is executed.
11:01:05 INFO  : Context for 'APU' is selected.
11:01:05 INFO  : 'stop' command is executed.
11:01:06 INFO  : 'ps7_init' command is executed.
11:01:06 INFO  : 'ps7_post_config' command is executed.
11:01:06 INFO  : Context for processor 'ps7_cortexa9_0' is selected.
11:01:06 INFO  : Processor reset is completed for 'ps7_cortexa9_0'.
11:01:06 INFO  : Context for processor 'ps7_cortexa9_0' is selected.
11:01:06 INFO  : The application 'C:/Users/tyqca/OneDrive/School/Labs/1195_Labs/Lab_1/Lab_1.sdk/adder/Debug/adder.elf' is downloaded to processor 'ps7_cortexa9_0'.
11:01:06 INFO  : 'configparams force-mem-access 0' command is executed.
11:01:06 INFO  : ----------------XSDB Script----------------
connect -url tcp:127.0.0.1:3121
source C:/Users/tyqca/OneDrive/School/Labs/1195_Labs/Lab_1/Lab_1.sdk/Lab_1_wrapper_hw_platform_0/ps7_init.tcl
targets -set -filter {jtag_cable_name =~ "Xilinx PYNQ-Z1 003017AEE2AEA" && level==0} -index 1
fpga -file C:/Users/tyqca/OneDrive/School/Labs/1195_Labs/Lab_1/Lab_1.sdk/Lab_1_wrapper_hw_platform_0/Lab_1_wrapper.bit
targets -set -nocase -filter {name =~"APU*" && jtag_cable_name =~ "Xilinx PYNQ-Z1 003017AEE2AEA"} -index 0
loadhw -hw C:/Users/tyqca/OneDrive/School/Labs/1195_Labs/Lab_1/Lab_1.sdk/Lab_1_wrapper_hw_platform_0/system.hdf -mem-ranges [list {0x40000000 0xbfffffff}]
configparams force-mem-access 1
targets -set -nocase -filter {name =~"APU*" && jtag_cable_name =~ "Xilinx PYNQ-Z1 003017AEE2AEA"} -index 0
stop
ps7_init
ps7_post_config
targets -set -nocase -filter {name =~ "ARM*#0" && jtag_cable_name =~ "Xilinx PYNQ-Z1 003017AEE2AEA"} -index 0
rst -processor
targets -set -nocase -filter {name =~ "ARM*#0" && jtag_cable_name =~ "Xilinx PYNQ-Z1 003017AEE2AEA"} -index 0
dow C:/Users/tyqca/OneDrive/School/Labs/1195_Labs/Lab_1/Lab_1.sdk/adder/Debug/adder.elf
configparams force-mem-access 0
----------------End of Script----------------

11:01:06 INFO  : Memory regions updated for context APU
11:01:06 INFO  : Context for processor 'ps7_cortexa9_0' is selected.
11:01:06 INFO  : 'con' command is executed.
11:01:06 INFO  : ----------------XSDB Script (After Launch)----------------
targets -set -nocase -filter {name =~ "ARM*#0" && jtag_cable_name =~ "Xilinx PYNQ-Z1 003017AEE2AEA"} -index 0
con
----------------End of Script----------------

11:01:06 INFO  : Launch script is exported to file 'C:\Users\tyqca\OneDrive\School\Labs\1195_Labs\Lab_1\Lab_1.sdk\.sdk\launch_scripts\xilinx_c-c++_application_(system_debugger)\system_debugger_using_debug_adder.elf_on_local.tcl'
11:14:15 INFO  : Disconnected from the channel tcfchan#1.
11:14:16 INFO  : Connected to target on host '127.0.0.1' and port '3121'.
11:14:16 INFO  : Jtag cable 'Xilinx PYNQ-Z1 003017AEE2AEA' is selected.
11:14:16 INFO  : 'jtag frequency' command is executed.
11:14:16 INFO  : Sourcing of 'C:/Users/tyqca/OneDrive/School/Labs/1195_Labs/Lab_1/Lab_1.sdk/Lab_1_wrapper_hw_platform_0/ps7_init.tcl' is done.
11:14:16 INFO  : 'targets -set -filter {jtag_cable_name =~ "Xilinx PYNQ-Z1 003017AEE2AEA" && level==0} -index 1' command is executed.
11:14:19 INFO  : FPGA configured successfully with bitstream "C:/Users/tyqca/OneDrive/School/Labs/1195_Labs/Lab_1/Lab_1.sdk/Lab_1_wrapper_hw_platform_0/Lab_1_wrapper.bit"
11:14:19 INFO  : Context for 'APU' is selected.
11:14:20 INFO  : Hardware design information is loaded from 'C:/Users/tyqca/OneDrive/School/Labs/1195_Labs/Lab_1/Lab_1.sdk/Lab_1_wrapper_hw_platform_0/system.hdf'.
11:14:20 INFO  : 'configparams force-mem-access 1' command is executed.
11:14:20 INFO  : Context for 'APU' is selected.
11:14:20 INFO  : 'stop' command is executed.
11:14:21 INFO  : 'ps7_init' command is executed.
11:14:21 INFO  : 'ps7_post_config' command is executed.
11:14:21 INFO  : Context for processor 'ps7_cortexa9_0' is selected.
11:14:21 INFO  : Processor reset is completed for 'ps7_cortexa9_0'.
11:14:21 INFO  : Context for processor 'ps7_cortexa9_0' is selected.
11:14:21 INFO  : The application 'C:/Users/tyqca/OneDrive/School/Labs/1195_Labs/Lab_1/Lab_1.sdk/adder/Debug/adder.elf' is downloaded to processor 'ps7_cortexa9_0'.
11:14:21 INFO  : 'configparams force-mem-access 0' command is executed.
11:14:21 INFO  : ----------------XSDB Script----------------
connect -url tcp:127.0.0.1:3121
source C:/Users/tyqca/OneDrive/School/Labs/1195_Labs/Lab_1/Lab_1.sdk/Lab_1_wrapper_hw_platform_0/ps7_init.tcl
targets -set -filter {jtag_cable_name =~ "Xilinx PYNQ-Z1 003017AEE2AEA" && level==0} -index 1
fpga -file C:/Users/tyqca/OneDrive/School/Labs/1195_Labs/Lab_1/Lab_1.sdk/Lab_1_wrapper_hw_platform_0/Lab_1_wrapper.bit
targets -set -nocase -filter {name =~"APU*" && jtag_cable_name =~ "Xilinx PYNQ-Z1 003017AEE2AEA"} -index 0
loadhw -hw C:/Users/tyqca/OneDrive/School/Labs/1195_Labs/Lab_1/Lab_1.sdk/Lab_1_wrapper_hw_platform_0/system.hdf -mem-ranges [list {0x40000000 0xbfffffff}]
configparams force-mem-access 1
targets -set -nocase -filter {name =~"APU*" && jtag_cable_name =~ "Xilinx PYNQ-Z1 003017AEE2AEA"} -index 0
stop
ps7_init
ps7_post_config
targets -set -nocase -filter {name =~ "ARM*#0" && jtag_cable_name =~ "Xilinx PYNQ-Z1 003017AEE2AEA"} -index 0
rst -processor
targets -set -nocase -filter {name =~ "ARM*#0" && jtag_cable_name =~ "Xilinx PYNQ-Z1 003017AEE2AEA"} -index 0
dow C:/Users/tyqca/OneDrive/School/Labs/1195_Labs/Lab_1/Lab_1.sdk/adder/Debug/adder.elf
configparams force-mem-access 0
----------------End of Script----------------

11:14:21 INFO  : Memory regions updated for context APU
11:14:21 INFO  : Context for processor 'ps7_cortexa9_0' is selected.
11:14:21 INFO  : 'con' command is executed.
11:14:21 INFO  : ----------------XSDB Script (After Launch)----------------
targets -set -nocase -filter {name =~ "ARM*#0" && jtag_cable_name =~ "Xilinx PYNQ-Z1 003017AEE2AEA"} -index 0
con
----------------End of Script----------------

11:14:21 INFO  : Launch script is exported to file 'C:\Users\tyqca\OneDrive\School\Labs\1195_Labs\Lab_1\Lab_1.sdk\.sdk\launch_scripts\xilinx_c-c++_application_(system_debugger)\system_debugger_using_debug_adder.elf_on_local.tcl'
17:56:37 INFO  : Disconnected from the channel tcfchan#2.
